Using pre-set license
Built from '2021.3/staging' branch; Version is '2021.3.11f1 (0a5ca18544bf) revision 679073'; Using compiler version '192829333'; Build Type 'Release'
OS: 'Windows 10  (10.0.19044) 64bit Enterprise' Language: 'ru' Physical Memory: 16151 MB
BatchMode: 1, IsHumanControllingUs: 0, StartBugReporterOnCrash: 0, Is64bit: 1, IsPro: 1

COMMAND LINE ARGUMENTS:
D:\Program Files\Unity Hub\Unity Hub Editor\2021.3.11f1\Editor\Unity.exe
-adb2
-batchMode
-noUpm
-name
AssetImportWorker0
-projectPath
D:/MiddleAges/MiddleAges
-logFile
Logs/AssetImportWorker0.log
-srvPort
64948
Successfully changed project path to: D:/MiddleAges/MiddleAges
D:/MiddleAges/MiddleAges
[UnityMemory] Configuration Parameters - Can be set up in boot.config
    "memorysetup-bucket-allocator-granularity=16"
    "memorysetup-bucket-allocator-bucket-count=8"
    "memorysetup-bucket-allocator-block-size=33554432"
    "memorysetup-bucket-allocator-block-count=8"
    "memorysetup-main-allocator-block-size=16777216"
    "memorysetup-thread-allocator-block-size=16777216"
    "memorysetup-gfx-main-allocator-block-size=16777216"
    "memorysetup-gfx-thread-allocator-block-size=16777216"
    "memorysetup-cache-allocator-block-size=4194304"
    "memorysetup-typetree-allocator-block-size=2097152"
    "memorysetup-profiler-bucket-allocator-granularity=16"
    "memorysetup-profiler-bucket-allocator-bucket-count=8"
    "memorysetup-profiler-bucket-allocator-block-size=33554432"
    "memorysetup-profiler-bucket-allocator-block-count=8"
    "memorysetup-profiler-allocator-block-size=16777216"
    "memorysetup-profiler-editor-allocator-block-size=1048576"
    "memorysetup-temp-allocator-size-main=16777216"
    "memorysetup-job-temp-allocator-block-size=2097152"
    "memorysetup-job-temp-allocator-block-size-background=1048576"
    "memorysetup-job-temp-allocator-reduction-small-platforms=262144"
    "memorysetup-temp-allocator-size-background-worker=32768"
    "memorysetup-temp-allocator-size-job-worker=262144"
    "memorysetup-temp-allocator-size-preload-manager=33554432"
    "memorysetup-temp-allocator-size-nav-mesh-worker=65536"
    "memorysetup-temp-allocator-size-audio-worker=65536"
    "memorysetup-temp-allocator-size-cloud-worker=32768"
    "memorysetup-temp-allocator-size-gi-baking-worker=262144"
    "memorysetup-temp-allocator-size-gfx=262144"
Refreshing native plugins compatible for Editor in 228.62 ms, found 4 plugins.
Preloading 0 native plugins for Editor in 0.00 ms.
Initialize engine version: 2021.3.11f1 (0a5ca18544bf)
[Subsystems] Discovering subsystems at path D:/Program Files/Unity Hub/Unity Hub Editor/2021.3.11f1/Editor/Data/Resources/UnitySubsystems
[Subsystems] Discovering subsystems at path D:/MiddleAges/MiddleAges/Assets
GfxDevice: creating device client; threaded=0; jobified=0
Direct3D:
    Version:  Direct3D 11.0 [level 11.1]
    Renderer: NVIDIA GeForce MX330 (ID=0x1d16)
    Vendor:   NVIDIA
    VRAM:     1983 MB
    Driver:   30.0.15.1272
Initialize mono
Mono path[0] = 'D:/Program Files/Unity Hub/Unity Hub Editor/2021.3.11f1/Editor/Data/Managed'
Mono path[1] = 'D:/Program Files/Unity Hub/Unity Hub Editor/2021.3.11f1/Editor/Data/MonoBleedingEdge/lib/mono/unityjit-win32'
Mono config path = 'D:/Program Files/Unity Hub/Unity Hub Editor/2021.3.11f1/Editor/Data/MonoBleedingEdge/etc'
Using monoOptions --debugger-agent=transport=dt_socket,embedding=1,server=y,suspend=n,address=127.0.0.1:56884
Begin MonoManager ReloadAssembly
Registering precompiled unity dll's ...
Register platform support module: D:/Program Files/Unity Hub/Unity Hub Editor/2021.3.11f1/Editor/Data/PlaybackEngines/WebGLSupport/UnityEditor.WebGL.Extensions.dll
Register platform support module: D:/Program Files/Unity Hub/Unity Hub Editor/2021.3.11f1/Editor/Data/PlaybackEngines/WindowsStandaloneSupport/UnityEditor.WindowsStandalone.Extensions.dll
Registered in 0.003456 seconds.
Native extension for WindowsStandalone target not found
Native extension for WebGL target not found
Refreshing native plugins compatible for Editor in 144.25 ms, found 4 plugins.
Preloading 0 native plugins for Editor in 0.00 ms.
Mono: successfully reloaded assembly
- Completed reload, in  1.058 seconds
Domain Reload Profiling:
	ReloadAssembly (1059ms)
		BeginReloadAssembly (125ms)
			ExecutionOrderSort (0ms)
			DisableScriptedObjects (0ms)
			BackupInstance (0ms)
			ReleaseScriptingObjects (0ms)
			CreateAndSetChildDomain (2ms)
		EndReloadAssembly (783ms)
			LoadAssemblies (122ms)
			RebuildTransferFunctionScriptingTraits (0ms)
			SetupTypeCache (202ms)
			ReleaseScriptCaches (0ms)
			RebuildScriptCaches (44ms)
			SetupLoadedEditorAssemblies (451ms)
				LogAssemblyErrors (0ms)
				InitializePlatformSupportModulesInManaged (12ms)
				SetLoadedEditorAssemblies (0ms)
				RefreshPlugins (144ms)
				BeforeProcessingInitializeOnLoad (1ms)
				ProcessInitializeOnLoadAttributes (211ms)
				ProcessInitializeOnLoadMethodAttributes (82ms)
				AfterProcessingInitializeOnLoad (0ms)
				EditorAssembliesLoaded (0ms)
			ExecutionOrderSort2 (0ms)
			AwakeInstancesAfterBackupRestoration (0ms)
Platform modules already initialized, skipping
Registering precompiled user dll's ...
Registered in 0.013207 seconds.
Begin MonoManager ReloadAssembly
Symbol file LoadedFromMemory doesn't match image D:\MiddleAges\MiddleAges\Library\PackageCache\com.unity.visualscripting@1.7.8\Editor\VisualScripting.Core\Dependencies\YamlDotNet\Unity.VisualScripting.YamlDotNet.dll
Symbol file LoadedFromMemory doesn't match image D:\MiddleAges\MiddleAges\Library\PackageCache\com.unity.visualscripting@1.7.8\Editor\VisualScripting.Core\Dependencies\DotNetZip\Unity.VisualScripting.IonicZip.dll
Native extension for WindowsStandalone target not found
Native extension for WebGL target not found
Refreshing native plugins compatible for Editor in 160.37 ms, found 4 plugins.
Preloading 0 native plugins for Editor in 0.00 ms.
Mono: successfully reloaded assembly
- Completed reload, in  1.961 seconds
Domain Reload Profiling:
	ReloadAssembly (1962ms)
		BeginReloadAssembly (137ms)
			ExecutionOrderSort (0ms)
			DisableScriptedObjects (7ms)
			BackupInstance (0ms)
			ReleaseScriptingObjects (0ms)
			CreateAndSetChildDomain (26ms)
		EndReloadAssembly (1562ms)
			LoadAssemblies (101ms)
			RebuildTransferFunctionScriptingTraits (0ms)
			SetupTypeCache (421ms)
			ReleaseScriptCaches (1ms)
			RebuildScriptCaches (87ms)
			SetupLoadedEditorAssemblies (827ms)
				LogAssemblyErrors (0ms)
				InitializePlatformSupportModulesInManaged (8ms)
				SetLoadedEditorAssemblies (0ms)
				RefreshPlugins (160ms)
				BeforeProcessingInitializeOnLoad (157ms)
				ProcessInitializeOnLoadAttributes (421ms)
				ProcessInitializeOnLoadMethodAttributes (74ms)
				AfterProcessingInitializeOnLoad (7ms)
				EditorAssembliesLoaded (0ms)
			ExecutionOrderSort2 (0ms)
			AwakeInstancesAfterBackupRestoration (8ms)
Platform modules already initialized, skipping
========================================================================
Worker process is ready to serve import requests
Launched and connected shader compiler UnityShaderCompiler.exe after 0.06 seconds
Refreshing native plugins compatible for Editor in 0.85 ms, found 4 plugins.
Preloading 0 native plugins for Editor in 0.00 ms.
Unloading 4069 Unused Serialized files (Serialized files now loaded: 0)
Unloading 44 unused Assets / (229.2 KB). Loaded Objects now: 4520.
Memory consumption went from 151.9 MB to 151.7 MB.
Total: 3.184400 ms (FindLiveObjects: 0.267100 ms CreateObjectMapping: 0.149800 ms MarkObjects: 2.608000 ms  DeleteObjects: 0.158200 ms)

AssetImportParameters requested are different than current active one (requested -> active):
  custom:video-decoder-ogg-theora: a1e56fd34408186e4bbccfd4996cb3dc -> 
  custom:container-muxer-webm: aa71ff27fc2769a1b78a27578f13a17b -> 
  custom:container-demuxer-webm: 4f35f7cbe854078d1ac9338744f61a02 -> 
  custom:video-encoder-webm-vp8: eb34c28f22e8b96e1ab97ce403110664 -> 
  custom:audio-encoder-webm-vorbis: bf7c407c2cedff20999df2af8eb42d56 -> 
  custom:framework-win-MediaFoundation: 216162199b28c13a410421893ffa2e32 -> 
  custom:container-demuxer-ogg: 62fdf1f143b41e24485cea50d1cbac27 -> 
  custom:video-decoder-webm-vp8: 9c59270c3fd7afecdb556c50c9e8de78 -> 
  custom:audio-decoder-ogg-vorbis: bf7c407c2cedff20999df2af8eb42d56 -> 
========================================================================
Received Import Request.
  Time since last request: 15723.314915 seconds.
  path: Assets/sprites/Sprite-0001.aseprite
  artifactKey: Guid(599b8ca5b02d17e418101950d2dd3899) Importer(815301076,1909f56bfc062723c751e8b465ee728b)
Start importing Assets/sprites/Sprite-0001.aseprite using Guid(599b8ca5b02d17e418101950d2dd3899) Importer(815301076,1909f56bfc062723c751e8b465ee728b)  -> (artifact id: '91e40cff0185648c9d8a511e60a711e0') in 0.046090 seconds 
========================================================================
Received Import Request.
  Time since last request: 67.896614 seconds.
  path: Assets/sprites/Sprite-0001.png
  artifactKey: Guid(a042717bd1b0a4641a34397678fbd888) Importer(815301076,1909f56bfc062723c751e8b465ee728b)
Start importing Assets/sprites/Sprite-0001.png using Guid(a042717bd1b0a4641a34397678fbd888) Importer(815301076,1909f56bfc062723c751e8b465ee728b)  -> (artifact id: '761f34527c2c954fbec21f833a1c1718') in 0.158247 seconds 
========================================================================
Received Import Request.
  Time since last request: 87.845219 seconds.
  path: Assets/sprites/lhst_ground.prefab
  artifactKey: Guid(33820c6861ed2a94198709e6cd2be507) Importer(815301076,1909f56bfc062723c751e8b465ee728b)
Start importing Assets/sprites/lhst_ground.prefab using Guid(33820c6861ed2a94198709e6cd2be507) Importer(815301076,1909f56bfc062723c751e8b465ee728b)  -> (artifact id: '25760faea8c174cf95d40db72f9bb949') in 0.096355 seconds 
========================================================================
Received Import Request.
  Time since last request: 9.955768 seconds.
  path: Assets/sprites/lhst_ground.prefab
  artifactKey: Guid(33820c6861ed2a94198709e6cd2be507) Importer(815301076,1909f56bfc062723c751e8b465ee728b)
Start importing Assets/sprites/lhst_ground.prefab using Guid(33820c6861ed2a94198709e6cd2be507) Importer(815301076,1909f56bfc062723c751e8b465ee728b)  -> (artifact id: '181f51d736f156dae9b6d9f9571197ab') in 0.020062 seconds 
========================================================================
Received Import Request.
  Time since last request: 38.189660 seconds.
  path: Assets/sprites/Sprite-0001.asset
  artifactKey: Guid(169a6551249bf5447bcfc2173a362f1a) Importer(815301076,1909f56bfc062723c751e8b465ee728b)
Start importing Assets/sprites/Sprite-0001.asset using Guid(169a6551249bf5447bcfc2173a362f1a) Importer(815301076,1909f56bfc062723c751e8b465ee728b)  -> (artifact id: '44556e5083f3c9ba062baf93792b0ccb') in 0.012984 seconds 
========================================================================
Received Import Request.
  Time since last request: 0.000021 seconds.
  path: Assets/sprites/Sprite-0001.png
  artifactKey: Guid(a042717bd1b0a4641a34397678fbd888) Importer(815301076,1909f56bfc062723c751e8b465ee728b)
Start importing Assets/sprites/Sprite-0001.png using Guid(a042717bd1b0a4641a34397678fbd888) Importer(815301076,1909f56bfc062723c751e8b465ee728b)  -> (artifact id: '58356b9eb53f20996b2314cf688bcdfa') in 0.012874 seconds 
========================================================================
Received Import Request.
  Time since last request: 6.171980 seconds.
  path: Assets/sprites/lhst_ground.prefab
  artifactKey: Guid(33820c6861ed2a94198709e6cd2be507) Importer(815301076,1909f56bfc062723c751e8b465ee728b)
Start importing Assets/sprites/lhst_ground.prefab using Guid(33820c6861ed2a94198709e6cd2be507) Importer(815301076,1909f56bfc062723c751e8b465ee728b)  -> (artifact id: 'e633bc9fe093d9d41c950deae7fe0ec2') in 0.019215 seconds 
========================================================================
Received Import Request.
  Time since last request: 4.821414 seconds.
  path: Assets/sprites/lhst_ground.prefab
  artifactKey: Guid(33820c6861ed2a94198709e6cd2be507) Importer(815301076,1909f56bfc062723c751e8b465ee728b)
Start importing Assets/sprites/lhst_ground.prefab using Guid(33820c6861ed2a94198709e6cd2be507) Importer(815301076,1909f56bfc062723c751e8b465ee728b)  -> (artifact id: 'b49ed055e37c98df3cd9f59a49efbbc8') in 0.018857 seconds 
========================================================================
Received Import Request.
  Time since last request: 3.997950 seconds.
  path: Assets/sprites/lhst_ground.prefab
  artifactKey: Guid(33820c6861ed2a94198709e6cd2be507) Importer(815301076,1909f56bfc062723c751e8b465ee728b)
Start importing Assets/sprites/lhst_ground.prefab using Guid(33820c6861ed2a94198709e6cd2be507) Importer(815301076,1909f56bfc062723c751e8b465ee728b)  -> (artifact id: 'fc9a9b9c7fca5f3d471e1c8ae0812a68') in 0.017258 seconds 
========================================================================
Received Prepare
Registering precompiled user dll's ...
Registered in 0.012205 seconds.
Begin MonoManager ReloadAssembly
Symbol file LoadedFromMemory doesn't match image D:\MiddleAges\MiddleAges\Library\PackageCache\com.unity.visualscripting@1.7.8\Editor\VisualScripting.Core\Dependencies\YamlDotNet\Unity.VisualScripting.YamlDotNet.dll
Symbol file LoadedFromMemory doesn't match image D:\MiddleAges\MiddleAges\Library\PackageCache\com.unity.visualscripting@1.7.8\Editor\VisualScripting.Core\Dependencies\DotNetZip\Unity.VisualScripting.IonicZip.dll
Native extension for WindowsStandalone target not found
Native extension for WebGL target not found
Refreshing native plugins compatible for Editor in 1.48 ms, found 4 plugins.
Preloading 0 native plugins for Editor in 0.00 ms.
Mono: successfully reloaded assembly
- Completed reload, in  1.873 seconds
Domain Reload Profiling:
	ReloadAssembly (1874ms)
		BeginReloadAssembly (222ms)
			ExecutionOrderSort (0ms)
			DisableScriptedObjects (13ms)
			BackupInstance (0ms)
			ReleaseScriptingObjects (0ms)
			CreateAndSetChildDomain (70ms)
		EndReloadAssembly (1463ms)
			LoadAssemblies (142ms)
			RebuildTransferFunctionScriptingTraits (0ms)
			SetupTypeCache (481ms)
			ReleaseScriptCaches (3ms)
			RebuildScriptCaches (91ms)
			SetupLoadedEditorAssemblies (636ms)
				LogAssemblyErrors (0ms)
				InitializePlatformSupportModulesInManaged (25ms)
				SetLoadedEditorAssemblies (1ms)
				RefreshPlugins (2ms)
				BeforeProcessingInitializeOnLoad (127ms)
				ProcessInitializeOnLoadAttributes (398ms)
				ProcessInitializeOnLoadMethodAttributes (78ms)
				AfterProcessingInitializeOnLoad (5ms)
				EditorAssembliesLoaded (0ms)
			ExecutionOrderSort2 (0ms)
			AwakeInstancesAfterBackupRestoration (18ms)
Platform modules already initialized, skipping
Refreshing native plugins compatible for Editor in 3.72 ms, found 4 plugins.
Preloading 0 native plugins for Editor in 0.00 ms.
Unloading 4064 Unused Serialized files (Serialized files now loaded: 0)
Unloading 31 unused Assets / (195.9 KB). Loaded Objects now: 4537.
Memory consumption went from 156.3 MB to 156.1 MB.
Total: 5.589100 ms (FindLiveObjects: 0.360200 ms CreateObjectMapping: 0.328400 ms MarkObjects: 4.669500 ms  DeleteObjects: 0.229300 ms)

AssetImportParameters requested are different than current active one (requested -> active):
  custom:video-decoder-ogg-theora: a1e56fd34408186e4bbccfd4996cb3dc -> 
  custom:container-muxer-webm: aa71ff27fc2769a1b78a27578f13a17b -> 
  custom:container-demuxer-webm: 4f35f7cbe854078d1ac9338744f61a02 -> 
  custom:video-encoder-webm-vp8: eb34c28f22e8b96e1ab97ce403110664 -> 
  custom:audio-encoder-webm-vorbis: bf7c407c2cedff20999df2af8eb42d56 -> 
  custom:framework-win-MediaFoundation: 216162199b28c13a410421893ffa2e32 -> 
  custom:container-demuxer-ogg: 62fdf1f143b41e24485cea50d1cbac27 -> 
  custom:video-decoder-webm-vp8: 9c59270c3fd7afecdb556c50c9e8de78 -> 
  custom:audio-decoder-ogg-vorbis: bf7c407c2cedff20999df2af8eb42d56 -> 
========================================================================
Received Prepare
Registering precompiled user dll's ...
Registered in 0.007482 seconds.
Begin MonoManager ReloadAssembly
Symbol file LoadedFromMemory doesn't match image D:\MiddleAges\MiddleAges\Library\PackageCache\com.unity.visualscripting@1.7.8\Editor\VisualScripting.Core\Dependencies\YamlDotNet\Unity.VisualScripting.YamlDotNet.dll
Symbol file LoadedFromMemory doesn't match image D:\MiddleAges\MiddleAges\Library\PackageCache\com.unity.visualscripting@1.7.8\Editor\VisualScripting.Core\Dependencies\DotNetZip\Unity.VisualScripting.IonicZip.dll
Native extension for WindowsStandalone target not found
Native extension for WebGL target not found
Refreshing native plugins compatible for Editor in 1.14 ms, found 4 plugins.
Preloading 0 native plugins for Editor in 0.00 ms.
Mono: successfully reloaded assembly
- Completed reload, in  1.977 seconds
Domain Reload Profiling:
	ReloadAssembly (1978ms)
		BeginReloadAssembly (235ms)
			ExecutionOrderSort (0ms)
			DisableScriptedObjects (16ms)
			BackupInstance (0ms)
			ReleaseScriptingObjects (0ms)
			CreateAndSetChildDomain (71ms)
		EndReloadAssembly (1553ms)
			LoadAssemblies (146ms)
			RebuildTransferFunctionScriptingTraits (0ms)
			SetupTypeCache (500ms)
			ReleaseScriptCaches (3ms)
			RebuildScriptCaches (99ms)
			SetupLoadedEditorAssemblies (694ms)
				LogAssemblyErrors (0ms)
				InitializePlatformSupportModulesInManaged (27ms)
				SetLoadedEditorAssemblies (1ms)
				RefreshPlugins (1ms)
				BeforeProcessingInitializeOnLoad (143ms)
				ProcessInitializeOnLoadAttributes (429ms)
				ProcessInitializeOnLoadMethodAttributes (84ms)
				AfterProcessingInitializeOnLoad (8ms)
				EditorAssembliesLoaded (1ms)
			ExecutionOrderSort2 (0ms)
			AwakeInstancesAfterBackupRestoration (22ms)
Platform modules already initialized, skipping
Refreshing native plugins compatible for Editor in 4.39 ms, found 4 plugins.
Preloading 0 native plugins for Editor in 0.00 ms.
Unloading 4064 Unused Serialized files (Serialized files now loaded: 0)
Unloading 31 unused Assets / (195.8 KB). Loaded Objects now: 4540.
Memory consumption went from 156.3 MB to 156.1 MB.
Total: 4.662300 ms (FindLiveObjects: 0.338100 ms CreateObjectMapping: 0.198100 ms MarkObjects: 3.886200 ms  DeleteObjects: 0.238000 ms)

AssetImportParameters requested are different than current active one (requested -> active):
  custom:video-decoder-ogg-theora: a1e56fd34408186e4bbccfd4996cb3dc -> 
  custom:container-muxer-webm: aa71ff27fc2769a1b78a27578f13a17b -> 
  custom:container-demuxer-webm: 4f35f7cbe854078d1ac9338744f61a02 -> 
  custom:video-encoder-webm-vp8: eb34c28f22e8b96e1ab97ce403110664 -> 
  custom:audio-encoder-webm-vorbis: bf7c407c2cedff20999df2af8eb42d56 -> 
  custom:framework-win-MediaFoundation: 216162199b28c13a410421893ffa2e32 -> 
  custom:container-demuxer-ogg: 62fdf1f143b41e24485cea50d1cbac27 -> 
  custom:video-decoder-webm-vp8: 9c59270c3fd7afecdb556c50c9e8de78 -> 
  custom:audio-decoder-ogg-vorbis: bf7c407c2cedff20999df2af8eb42d56 -> 
========================================================================
Received Prepare
Registering precompiled user dll's ...
Registered in 0.007037 seconds.
Begin MonoManager ReloadAssembly
Symbol file LoadedFromMemory doesn't match image D:\MiddleAges\MiddleAges\Library\PackageCache\com.unity.visualscripting@1.7.8\Editor\VisualScripting.Core\Dependencies\YamlDotNet\Unity.VisualScripting.YamlDotNet.dll
Symbol file LoadedFromMemory doesn't match image D:\MiddleAges\MiddleAges\Library\PackageCache\com.unity.visualscripting@1.7.8\Editor\VisualScripting.Core\Dependencies\DotNetZip\Unity.VisualScripting.IonicZip.dll
Native extension for WindowsStandalone target not found
Native extension for WebGL target not found
Refreshing native plugins compatible for Editor in 1.34 ms, found 4 plugins.
Preloading 0 native plugins for Editor in 0.00 ms.
Mono: successfully reloaded assembly
- Completed reload, in  2.169 seconds
Domain Reload Profiling:
	ReloadAssembly (2170ms)
		BeginReloadAssembly (214ms)
			ExecutionOrderSort (0ms)
			DisableScriptedObjects (13ms)
			BackupInstance (0ms)
			ReleaseScriptingObjects (0ms)
			CreateAndSetChildDomain (63ms)
		EndReloadAssembly (1754ms)
			LoadAssemblies (148ms)
			RebuildTransferFunctionScriptingTraits (0ms)
			SetupTypeCache (532ms)
			ReleaseScriptCaches (3ms)
			RebuildScriptCaches (204ms)
			SetupLoadedEditorAssemblies (640ms)
				LogAssemblyErrors (0ms)
				InitializePlatformSupportModulesInManaged (21ms)
				SetLoadedEditorAssemblies (1ms)
				RefreshPlugins (1ms)
				BeforeProcessingInitializeOnLoad (124ms)
				ProcessInitializeOnLoadAttributes (405ms)
				ProcessInitializeOnLoadMethodAttributes (81ms)
				AfterProcessingInitializeOnLoad (7ms)
				EditorAssembliesLoaded (0ms)
			ExecutionOrderSort2 (0ms)
			AwakeInstancesAfterBackupRestoration (20ms)
Platform modules already initialized, skipping
Refreshing native plugins compatible for Editor in 3.88 ms, found 4 plugins.
Preloading 0 native plugins for Editor in 0.00 ms.
Unloading 4064 Unused Serialized files (Serialized files now loaded: 0)
Unloading 31 unused Assets / (195.8 KB). Loaded Objects now: 4543.
Memory consumption went from 156.3 MB to 156.1 MB.
Total: 5.209300 ms (FindLiveObjects: 0.385900 ms CreateObjectMapping: 0.360000 ms MarkObjects: 4.146000 ms  DeleteObjects: 0.315300 ms)

AssetImportParameters requested are different than current active one (requested -> active):
  custom:video-decoder-ogg-theora: a1e56fd34408186e4bbccfd4996cb3dc -> 
  custom:container-muxer-webm: aa71ff27fc2769a1b78a27578f13a17b -> 
  custom:container-demuxer-webm: 4f35f7cbe854078d1ac9338744f61a02 -> 
  custom:video-encoder-webm-vp8: eb34c28f22e8b96e1ab97ce403110664 -> 
  custom:audio-encoder-webm-vorbis: bf7c407c2cedff20999df2af8eb42d56 -> 
  custom:framework-win-MediaFoundation: 216162199b28c13a410421893ffa2e32 -> 
  custom:container-demuxer-ogg: 62fdf1f143b41e24485cea50d1cbac27 -> 
  custom:video-decoder-webm-vp8: 9c59270c3fd7afecdb556c50c9e8de78 -> 
  custom:audio-decoder-ogg-vorbis: bf7c407c2cedff20999df2af8eb42d56 -> 
========================================================================
Received Import Request.
  Time since last request: 518.123490 seconds.
  path: Assets/Cartoon_Texture_Pack/GRASS/GRASS_Dense/GRASS_Dense_Tint_01/Textures/Cartton_Ground.prefab
  artifactKey: Guid(f8591266b3030fb47a44d3101365b433) Importer(815301076,1909f56bfc062723c751e8b465ee728b)
Start importing Assets/Cartoon_Texture_Pack/GRASS/GRASS_Dense/GRASS_Dense_Tint_01/Textures/Cartton_Ground.prefab using Guid(f8591266b3030fb47a44d3101365b433) Importer(815301076,1909f56bfc062723c751e8b465ee728b)  -> (artifact id: '382505f1bcbd7d87f4d5fc08a9160e70') in 0.095602 seconds 
========================================================================
Received Prepare
Registering precompiled user dll's ...
Registered in 0.013293 seconds.
Begin MonoManager ReloadAssembly
Symbol file LoadedFromMemory doesn't match image D:\MiddleAges\MiddleAges\Library\PackageCache\com.unity.visualscripting@1.7.8\Editor\VisualScripting.Core\Dependencies\YamlDotNet\Unity.VisualScripting.YamlDotNet.dll
Symbol file LoadedFromMemory doesn't match image D:\MiddleAges\MiddleAges\Library\PackageCache\com.unity.visualscripting@1.7.8\Editor\VisualScripting.Core\Dependencies\DotNetZip\Unity.VisualScripting.IonicZip.dll
Native extension for WindowsStandalone target not found
Native extension for WebGL target not found
Refreshing native plugins compatible for Editor in 0.81 ms, found 4 plugins.
Preloading 0 native plugins for Editor in 0.00 ms.
Mono: successfully reloaded assembly
- Completed reload, in  1.747 seconds
Domain Reload Profiling:
	ReloadAssembly (1748ms)
		BeginReloadAssembly (215ms)
			ExecutionOrderSort (0ms)
			DisableScriptedObjects (11ms)
			BackupInstance (0ms)
			ReleaseScriptingObjects (0ms)
			CreateAndSetChildDomain (68ms)
		EndReloadAssembly (1372ms)
			LoadAssemblies (136ms)
			RebuildTransferFunctionScriptingTraits (0ms)
			SetupTypeCache (458ms)
			ReleaseScriptCaches (3ms)
			RebuildScriptCaches (81ms)
			SetupLoadedEditorAssemblies (610ms)
				LogAssemblyErrors (0ms)
				InitializePlatformSupportModulesInManaged (21ms)
				SetLoadedEditorAssemblies (1ms)
				RefreshPlugins (1ms)
				BeforeProcessingInitializeOnLoad (121ms)
				ProcessInitializeOnLoadAttributes (381ms)
				ProcessInitializeOnLoadMethodAttributes (80ms)
				AfterProcessingInitializeOnLoad (5ms)
				EditorAssembliesLoaded (0ms)
			ExecutionOrderSort2 (0ms)
			AwakeInstancesAfterBackupRestoration (16ms)
Platform modules already initialized, skipping
Refreshing native plugins compatible for Editor in 3.75 ms, found 4 plugins.
Preloading 0 native plugins for Editor in 0.00 ms.
Unloading 4064 Unused Serialized files (Serialized files now loaded: 0)
Unloading 31 unused Assets / (195.8 KB). Loaded Objects now: 4546.
Memory consumption went from 156.3 MB to 156.1 MB.
Total: 5.047000 ms (FindLiveObjects: 0.348000 ms CreateObjectMapping: 0.398700 ms MarkObjects: 4.066300 ms  DeleteObjects: 0.232200 ms)

AssetImportParameters requested are different than current active one (requested -> active):
  custom:video-decoder-ogg-theora: a1e56fd34408186e4bbccfd4996cb3dc -> 
  custom:container-muxer-webm: aa71ff27fc2769a1b78a27578f13a17b -> 
  custom:container-demuxer-webm: 4f35f7cbe854078d1ac9338744f61a02 -> 
  custom:video-encoder-webm-vp8: eb34c28f22e8b96e1ab97ce403110664 -> 
  custom:audio-encoder-webm-vorbis: bf7c407c2cedff20999df2af8eb42d56 -> 
  custom:framework-win-MediaFoundation: 216162199b28c13a410421893ffa2e32 -> 
  custom:container-demuxer-ogg: 62fdf1f143b41e24485cea50d1cbac27 -> 
  custom:video-decoder-webm-vp8: 9c59270c3fd7afecdb556c50c9e8de78 -> 
  custom:audio-decoder-ogg-vorbis: bf7c407c2cedff20999df2af8eb42d56 -> 
========================================================================
Received Import Request.
  Time since last request: 513.656486 seconds.
  path: Assets/lhst/tiles_ground/Sprite-0001.png
  artifactKey: Guid(eee7cd62fb414be498fcbb91a901bd4f) Importer(815301076,1909f56bfc062723c751e8b465ee728b)
Start importing Assets/lhst/tiles_ground/Sprite-0001.png using Guid(eee7cd62fb414be498fcbb91a901bd4f) Importer(815301076,1909f56bfc062723c751e8b465ee728b)  -> (artifact id: 'd0d77d606ea11d9281bf8a73deec2ab0') in 0.155545 seconds 
========================================================================
Received Import Request.
  Time since last request: 34.451751 seconds.
  path: Assets/lhst/tiles_ground/lhst_ground.prefab
  artifactKey: Guid(a78842790fb522c4c96fe38614794f15) Importer(815301076,1909f56bfc062723c751e8b465ee728b)
Start importing Assets/lhst/tiles_ground/lhst_ground.prefab using Guid(a78842790fb522c4c96fe38614794f15) Importer(815301076,1909f56bfc062723c751e8b465ee728b)  -> (artifact id: '9fa9e79302a22015dfb41c12dedcdc59') in 0.047601 seconds 
========================================================================
Received Import Request.
  Time since last request: 4.519184 seconds.
  path: Assets/lhst/tiles_ground/lhst_ground.prefab
  artifactKey: Guid(a78842790fb522c4c96fe38614794f15) Importer(815301076,1909f56bfc062723c751e8b465ee728b)
Start importing Assets/lhst/tiles_ground/lhst_ground.prefab using Guid(a78842790fb522c4c96fe38614794f15) Importer(815301076,1909f56bfc062723c751e8b465ee728b)  -> (artifact id: 'e3a7c6df9cfa353199984dd888f42a67') in 0.020723 seconds 
========================================================================
Received Import Request.
  Time since last request: 16.889500 seconds.
  path: Assets/lhst_ground_tiles.prefab
  artifactKey: Guid(0db4cbab962628541babd7c4179c5600) Importer(815301076,1909f56bfc062723c751e8b465ee728b)
Start importing Assets/lhst_ground_tiles.prefab using Guid(0db4cbab962628541babd7c4179c5600) Importer(815301076,1909f56bfc062723c751e8b465ee728b)  -> (artifact id: '935d87aeaef48f56f897301f7a66eb81') in 0.020682 seconds 
========================================================================
Received Import Request.
  Time since last request: 11.361391 seconds.
  path: Assets/lhst
  artifactKey: Guid(cf04bb9184e70e848a66c62040d4a802) Importer(815301076,1909f56bfc062723c751e8b465ee728b)
Start importing Assets/lhst using Guid(cf04bb9184e70e848a66c62040d4a802) Importer(815301076,1909f56bfc062723c751e8b465ee728b)  -> (artifact id: 'a53c769650f51103a4880ef407d424b6') in 0.005864 seconds 
========================================================================
Received Import Request.
  Time since last request: 0.776221 seconds.
  path: Assets/lhst/tiles_ground
  artifactKey: Guid(3f0afba2f3be4264bae595bcdc1c7306) Importer(815301076,1909f56bfc062723c751e8b465ee728b)
Start importing Assets/lhst/tiles_ground using Guid(3f0afba2f3be4264bae595bcdc1c7306) Importer(815301076,1909f56bfc062723c751e8b465ee728b)  -> (artifact id: '1357f11f3b398aeedb31636f01ae0a80') in 0.009042 seconds 
========================================================================
Received Import Request.
  Time since last request: 7.124065 seconds.
  path: Assets/lhst/tiles_ground/Sprite-0001.asset
  artifactKey: Guid(7c5ceda495395414abacf90aec77370e) Importer(815301076,1909f56bfc062723c751e8b465ee728b)
Start importing Assets/lhst/tiles_ground/Sprite-0001.asset using Guid(7c5ceda495395414abacf90aec77370e) Importer(815301076,1909f56bfc062723c751e8b465ee728b)  -> (artifact id: '1ceb381f43995576dc36074d3f3c2e77') in 0.035830 seconds 
========================================================================
Received Import Request.
  Time since last request: 0.000033 seconds.
  path: Assets/lhst/tiles_ground/Sprite-0001.png
  artifactKey: Guid(eee7cd62fb414be498fcbb91a901bd4f) Importer(815301076,1909f56bfc062723c751e8b465ee728b)
Start importing Assets/lhst/tiles_ground/Sprite-0001.png using Guid(eee7cd62fb414be498fcbb91a901bd4f) Importer(815301076,1909f56bfc062723c751e8b465ee728b)  -> (artifact id: '514a1ac80b3696a45ae2f75d48b89c81') in 0.016509 seconds 
========================================================================
Received Prepare
Registering precompiled user dll's ...
Registered in 0.012199 seconds.
Begin MonoManager ReloadAssembly
Symbol file LoadedFromMemory doesn't match image D:\MiddleAges\MiddleAges\Library\PackageCache\com.unity.visualscripting@1.7.8\Editor\VisualScripting.Core\Dependencies\YamlDotNet\Unity.VisualScripting.YamlDotNet.dll
Symbol file LoadedFromMemory doesn't match image D:\MiddleAges\MiddleAges\Library\PackageCache\com.unity.visualscripting@1.7.8\Editor\VisualScripting.Core\Dependencies\DotNetZip\Unity.VisualScripting.IonicZip.dll
Native extension for WindowsStandalone target not found
Native extension for WebGL target not found
Refreshing native plugins compatible for Editor in 1.32 ms, found 4 plugins.
Preloading 0 native plugins for Editor in 0.00 ms.
Mono: successfully reloaded assembly
- Completed reload, in  2.141 seconds
Domain Reload Profiling:
	ReloadAssembly (2142ms)
		BeginReloadAssembly (217ms)
			ExecutionOrderSort (0ms)
			DisableScriptedObjects (15ms)
			BackupInstance (0ms)
			ReleaseScriptingObjects (0ms)
			CreateAndSetChildDomain (69ms)
		EndReloadAssembly (1743ms)
			LoadAssemblies (131ms)
			RebuildTransferFunctionScriptingTraits (0ms)
			SetupTypeCache (536ms)
			ReleaseScriptCaches (4ms)
			RebuildScriptCaches (190ms)
			SetupLoadedEditorAssemblies (656ms)
				LogAssemblyErrors (0ms)
				InitializePlatformSupportModulesInManaged (23ms)
				SetLoadedEditorAssemblies (1ms)
				RefreshPlugins (1ms)
				BeforeProcessingInitializeOnLoad (123ms)
				ProcessInitializeOnLoadAttributes (424ms)
				ProcessInitializeOnLoadMethodAttributes (78ms)
				AfterProcessingInitializeOnLoad (5ms)
				EditorAssembliesLoaded (0ms)
			ExecutionOrderSort2 (0ms)
			AwakeInstancesAfterBackupRestoration (16ms)
Platform modules already initialized, skipping
Refreshing native plugins compatible for Editor in 3.71 ms, found 4 plugins.
Preloading 0 native plugins for Editor in 0.00 ms.
Unloading 4064 Unused Serialized files (Serialized files now loaded: 0)
Unloading 32 unused Assets / (195.9 KB). Loaded Objects now: 4552.
Memory consumption went from 156.4 MB to 156.2 MB.
Total: 4.270700 ms (FindLiveObjects: 0.391700 ms CreateObjectMapping: 0.234200 ms MarkObjects: 3.466400 ms  DeleteObjects: 0.176600 ms)

AssetImportParameters requested are different than current active one (requested -> active):
  custom:video-decoder-ogg-theora: a1e56fd34408186e4bbccfd4996cb3dc -> 
  custom:container-muxer-webm: aa71ff27fc2769a1b78a27578f13a17b -> 
  custom:container-demuxer-webm: 4f35f7cbe854078d1ac9338744f61a02 -> 
  custom:video-encoder-webm-vp8: eb34c28f22e8b96e1ab97ce403110664 -> 
  custom:audio-encoder-webm-vorbis: bf7c407c2cedff20999df2af8eb42d56 -> 
  custom:framework-win-MediaFoundation: 216162199b28c13a410421893ffa2e32 -> 
  custom:container-demuxer-ogg: 62fdf1f143b41e24485cea50d1cbac27 -> 
  custom:video-decoder-webm-vp8: 9c59270c3fd7afecdb556c50c9e8de78 -> 
  custom:audio-decoder-ogg-vorbis: bf7c407c2cedff20999df2af8eb42d56 -> 
========================================================================
Received Prepare
Refreshing native plugins compatible for Editor in 8.39 ms, found 4 plugins.
Preloading 0 native plugins for Editor in 0.00 ms.
Unloading 31 Unused Serialized files (Serialized files now loaded: 0)
Unloading 31 unused Assets / (193.2 KB). Loaded Objects now: 4552.
Memory consumption went from 75.7 MB to 75.5 MB.
Total: 7.071700 ms (FindLiveObjects: 0.391400 ms CreateObjectMapping: 0.348200 ms MarkObjects: 6.083500 ms  DeleteObjects: 0.247100 ms)

AssetImportParameters requested are different than current active one (requested -> active):
  custom:video-decoder-ogg-theora: a1e56fd34408186e4bbccfd4996cb3dc -> 
  custom:container-muxer-webm: aa71ff27fc2769a1b78a27578f13a17b -> 
  custom:container-demuxer-webm: 4f35f7cbe854078d1ac9338744f61a02 -> 
  custom:video-encoder-webm-vp8: eb34c28f22e8b96e1ab97ce403110664 -> 
  custom:audio-encoder-webm-vorbis: bf7c407c2cedff20999df2af8eb42d56 -> 
  custom:framework-win-MediaFoundation: 216162199b28c13a410421893ffa2e32 -> 
  custom:container-demuxer-ogg: 62fdf1f143b41e24485cea50d1cbac27 -> 
  custom:video-decoder-webm-vp8: 9c59270c3fd7afecdb556c50c9e8de78 -> 
  custom:audio-decoder-ogg-vorbis: bf7c407c2cedff20999df2af8eb42d56 -> 
========================================================================
Received Prepare
Refreshing native plugins compatible for Editor in 6.93 ms, found 4 plugins.
Preloading 0 native plugins for Editor in 0.00 ms.
Unloading 31 Unused Serialized files (Serialized files now loaded: 0)
Unloading 31 unused Assets / (193.0 KB). Loaded Objects now: 4552.
Memory consumption went from 75.7 MB to 75.5 MB.
Total: 5.606500 ms (FindLiveObjects: 0.455900 ms CreateObjectMapping: 0.244600 ms MarkObjects: 4.643700 ms  DeleteObjects: 0.260400 ms)

AssetImportParameters requested are different than current active one (requested -> active):
  custom:video-decoder-ogg-theora: a1e56fd34408186e4bbccfd4996cb3dc -> 
  custom:container-muxer-webm: aa71ff27fc2769a1b78a27578f13a17b -> 
  custom:container-demuxer-webm: 4f35f7cbe854078d1ac9338744f61a02 -> 
  custom:video-encoder-webm-vp8: eb34c28f22e8b96e1ab97ce403110664 -> 
  custom:audio-encoder-webm-vorbis: bf7c407c2cedff20999df2af8eb42d56 -> 
  custom:framework-win-MediaFoundation: 216162199b28c13a410421893ffa2e32 -> 
  custom:container-demuxer-ogg: 62fdf1f143b41e24485cea50d1cbac27 -> 
  custom:video-decoder-webm-vp8: 9c59270c3fd7afecdb556c50c9e8de78 -> 
  custom:audio-decoder-ogg-vorbis: bf7c407c2cedff20999df2af8eb42d56 -> 
========================================================================
Received Import Request.
  Time since last request: 2384.904598 seconds.
  path: Assets/lhst/tiles_ground/Map-0001.png
  artifactKey: Guid(bcc438e4ba01ffd409c1408891967153) Importer(815301076,1909f56bfc062723c751e8b465ee728b)
Start importing Assets/lhst/tiles_ground/Map-0001.png using Guid(bcc438e4ba01ffd409c1408891967153) Importer(815301076,1909f56bfc062723c751e8b465ee728b)  -> (artifact id: '99f09271afb4b6f7b4be0dc80a7d741f') in 0.142737 seconds 
========================================================================
Received Import Request.
  Time since last request: 43.630420 seconds.
  path: Assets/lhst/tiles_ground/lhst_ground.prefab
  artifactKey: Guid(a78842790fb522c4c96fe38614794f15) Importer(815301076,1909f56bfc062723c751e8b465ee728b)
Start importing Assets/lhst/tiles_ground/lhst_ground.prefab using Guid(a78842790fb522c4c96fe38614794f15) Importer(815301076,1909f56bfc062723c751e8b465ee728b)  -> (artifact id: '68b6b67e51182426a0bd9283f121c6a3') in 0.049377 seconds 
========================================================================
Received Import Request.
  Time since last request: 9.230162 seconds.
  path: Assets/lhst/tiles_ground/lhst_ground.prefab
  artifactKey: Guid(a78842790fb522c4c96fe38614794f15) Importer(815301076,1909f56bfc062723c751e8b465ee728b)
Start importing Assets/lhst/tiles_ground/lhst_ground.prefab using Guid(a78842790fb522c4c96fe38614794f15) Importer(815301076,1909f56bfc062723c751e8b465ee728b)  -> (artifact id: 'fdc6ba60d829502eeab2f9cfd0331853') in 0.021896 seconds 
========================================================================
Received Import Request.
  Time since last request: 50.547235 seconds.
  path: Assets/lhst/tiles_ground/lhst_ground.prefab
  artifactKey: Guid(a78842790fb522c4c96fe38614794f15) Importer(815301076,1909f56bfc062723c751e8b465ee728b)
Start importing Assets/lhst/tiles_ground/lhst_ground.prefab using Guid(a78842790fb522c4c96fe38614794f15) Importer(815301076,1909f56bfc062723c751e8b465ee728b)  -> (artifact id: '99d7cf94b0bc46dd9d3759fe4af85fd0') in 0.022558 seconds 
========================================================================
Received Import Request.
  Time since last request: 14.036564 seconds.
  path: Assets/lhst/tiles_ground/Map-0001.png
  artifactKey: Guid(bcc438e4ba01ffd409c1408891967153) Importer(815301076,1909f56bfc062723c751e8b465ee728b)
Start importing Assets/lhst/tiles_ground/Map-0001.png using Guid(bcc438e4ba01ffd409c1408891967153) Importer(815301076,1909f56bfc062723c751e8b465ee728b)  -> (artifact id: '7b2ed3afa76952209bc2eb38af46e2ee') in 0.066353 seconds 
========================================================================
Received Import Request.
  Time since last request: 7.004952 seconds.
  path: Assets/lhst/tiles_ground/lhst_ground.prefab
  artifactKey: Guid(a78842790fb522c4c96fe38614794f15) Importer(815301076,1909f56bfc062723c751e8b465ee728b)
Start importing Assets/lhst/tiles_ground/lhst_ground.prefab using Guid(a78842790fb522c4c96fe38614794f15) Importer(815301076,1909f56bfc062723c751e8b465ee728b)  -> (artifact id: '9f3d52cfbaab2eb4c85dace405698ebb') in 0.019456 seconds 
========================================================================
Received Import Request.
  Time since last request: 37.570876 seconds.
  path: Assets/lhst/tiles_ground/lhst_ground.prefab
  artifactKey: Guid(a78842790fb522c4c96fe38614794f15) Importer(815301076,1909f56bfc062723c751e8b465ee728b)
Start importing Assets/lhst/tiles_ground/lhst_ground.prefab using Guid(a78842790fb522c4c96fe38614794f15) Importer(815301076,1909f56bfc062723c751e8b465ee728b)  -> (artifact id: '0e48ff1162f9a2426eacadb781addcad') in 0.013423 seconds 
========================================================================
Received Import Request.
  Time since last request: 47.492625 seconds.
  path: Assets/lhst/tiles_ground/Map-0001.png
  artifactKey: Guid(bcc438e4ba01ffd409c1408891967153) Importer(815301076,1909f56bfc062723c751e8b465ee728b)
Start importing Assets/lhst/tiles_ground/Map-0001.png using Guid(bcc438e4ba01ffd409c1408891967153) Importer(815301076,1909f56bfc062723c751e8b465ee728b)  -> (artifact id: '3adc88998e0f27b8d0143ab4530d99ba') in 0.014619 seconds 
========================================================================
Received Import Request.
  Time since last request: 66.207415 seconds.
  path: Assets/lhst/tiles_ground/Map-0001.png
  artifactKey: Guid(bcc438e4ba01ffd409c1408891967153) Importer(815301076,1909f56bfc062723c751e8b465ee728b)
Start importing Assets/lhst/tiles_ground/Map-0001.png using Guid(bcc438e4ba01ffd409c1408891967153) Importer(815301076,1909f56bfc062723c751e8b465ee728b)  -> (artifact id: 'de1146b1d92fc5b0c9ede429d9cda213') in 2.478669 seconds 
========================================================================
Received Import Request.
  Time since last request: 51.886040 seconds.
  path: Assets/lhst/tiles_ground/lhst_ground.prefab
  artifactKey: Guid(a78842790fb522c4c96fe38614794f15) Importer(815301076,1909f56bfc062723c751e8b465ee728b)
Start importing Assets/lhst/tiles_ground/lhst_ground.prefab using Guid(a78842790fb522c4c96fe38614794f15) Importer(815301076,1909f56bfc062723c751e8b465ee728b)  -> (artifact id: 'db62aff5655630c36af8660a0365b850') in 0.366061 seconds 
========================================================================
Received Prepare
Registering precompiled user dll's ...
Registered in 0.007973 seconds.
Begin MonoManager ReloadAssembly
Symbol file LoadedFromMemory doesn't match image D:\MiddleAges\MiddleAges\Library\PackageCache\com.unity.visualscripting@1.7.8\Editor\VisualScripting.Core\Dependencies\YamlDotNet\Unity.VisualScripting.YamlDotNet.dll
Symbol file LoadedFromMemory doesn't match image D:\MiddleAges\MiddleAges\Library\PackageCache\com.unity.visualscripting@1.7.8\Editor\VisualScripting.Core\Dependencies\DotNetZip\Unity.VisualScripting.IonicZip.dll
Native extension for WindowsStandalone target not found
Native extension for WebGL target not found
Refreshing native plugins compatible for Editor in 1.62 ms, found 4 plugins.
Preloading 0 native plugins for Editor in 0.00 ms.
Mono: successfully reloaded assembly
- Completed reload, in  2.429 seconds
Domain Reload Profiling:
	ReloadAssembly (2431ms)
		BeginReloadAssembly (265ms)
			ExecutionOrderSort (0ms)
			DisableScriptedObjects (12ms)
			BackupInstance (0ms)
			ReleaseScriptingObjects (0ms)
			CreateAndSetChildDomain (112ms)
		EndReloadAssembly (1974ms)
			LoadAssemblies (144ms)
			RebuildTransferFunctionScriptingTraits (0ms)
			SetupTypeCache (526ms)
			ReleaseScriptCaches (2ms)
			RebuildScriptCaches (209ms)
			SetupLoadedEditorAssemblies (799ms)
				LogAssemblyErrors (0ms)
				InitializePlatformSupportModulesInManaged (32ms)
				SetLoadedEditorAssemblies (2ms)
				RefreshPlugins (2ms)
				BeforeProcessingInitializeOnLoad (179ms)
				ProcessInitializeOnLoadAttributes (496ms)
				ProcessInitializeOnLoadMethodAttributes (83ms)
				AfterProcessingInitializeOnLoad (5ms)
				EditorAssembliesLoaded (0ms)
			ExecutionOrderSort2 (0ms)
			AwakeInstancesAfterBackupRestoration (21ms)
Platform modules already initialized, skipping
Refreshing native plugins compatible for Editor in 3.61 ms, found 4 plugins.
Preloading 0 native plugins for Editor in 0.00 ms.
Unloading 4064 Unused Serialized files (Serialized files now loaded: 0)
Unloading 31 unused Assets / (195.7 KB). Loaded Objects now: 4562.
Memory consumption went from 156.8 MB to 156.6 MB.
Total: 7.257500 ms (FindLiveObjects: 0.476300 ms CreateObjectMapping: 0.288600 ms MarkObjects: 6.063300 ms  DeleteObjects: 0.426600 ms)

AssetImportParameters requested are different than current active one (requested -> active):
  custom:video-decoder-ogg-theora: a1e56fd34408186e4bbccfd4996cb3dc -> 
  custom:container-muxer-webm: aa71ff27fc2769a1b78a27578f13a17b -> 
  custom:container-demuxer-webm: 4f35f7cbe854078d1ac9338744f61a02 -> 
  custom:video-encoder-webm-vp8: eb34c28f22e8b96e1ab97ce403110664 -> 
  custom:audio-encoder-webm-vorbis: bf7c407c2cedff20999df2af8eb42d56 -> 
  custom:framework-win-MediaFoundation: 216162199b28c13a410421893ffa2e32 -> 
  custom:container-demuxer-ogg: 62fdf1f143b41e24485cea50d1cbac27 -> 
  custom:video-decoder-webm-vp8: 9c59270c3fd7afecdb556c50c9e8de78 -> 
  custom:audio-decoder-ogg-vorbis: bf7c407c2cedff20999df2af8eb42d56 -> 
