Using pre-set license
Built from '2021.3/staging' branch; Version is '2021.3.11f1 (0a5ca18544bf) revision 679073'; Using compiler version '192829333'; Build Type 'Release'
OS: 'Windows 10  (10.0.19044) 64bit Enterprise' Language: 'ru' Physical Memory: 16151 MB
BatchMode: 1, IsHumanControllingUs: 0, StartBugReporterOnCrash: 0, Is64bit: 1, IsPro: 1

COMMAND LINE ARGUMENTS:
D:\Program Files\Unity Hub\Unity Hub Editor\2021.3.11f1\Editor\Unity.exe
-adb2
-batchMode
-noUpm
-name
AssetImportWorker10
-projectPath
D:/MiddleAges/MiddleAges
-logFile
Logs/AssetImportWorker10.log
-srvPort
54025
Successfully changed project path to: D:/MiddleAges/MiddleAges
D:/MiddleAges/MiddleAges
[UnityMemory] Configuration Parameters - Can be set up in boot.config
    "memorysetup-bucket-allocator-granularity=16"
    "memorysetup-bucket-allocator-bucket-count=8"
    "memorysetup-bucket-allocator-block-size=33554432"
    "memorysetup-bucket-allocator-block-count=8"
    "memorysetup-main-allocator-block-size=16777216"
    "memorysetup-thread-allocator-block-size=16777216"
    "memorysetup-gfx-main-allocator-block-size=16777216"
    "memorysetup-gfx-thread-allocator-block-size=16777216"
    "memorysetup-cache-allocator-block-size=4194304"
    "memorysetup-typetree-allocator-block-size=2097152"
    "memorysetup-profiler-bucket-allocator-granularity=16"
    "memorysetup-profiler-bucket-allocator-bucket-count=8"
    "memorysetup-profiler-bucket-allocator-block-size=33554432"
    "memorysetup-profiler-bucket-allocator-block-count=8"
    "memorysetup-profiler-allocator-block-size=16777216"
    "memorysetup-profiler-editor-allocator-block-size=1048576"
    "memorysetup-temp-allocator-size-main=16777216"
    "memorysetup-job-temp-allocator-block-size=2097152"
    "memorysetup-job-temp-allocator-block-size-background=1048576"
    "memorysetup-job-temp-allocator-reduction-small-platforms=262144"
    "memorysetup-temp-allocator-size-background-worker=32768"
    "memorysetup-temp-allocator-size-job-worker=262144"
    "memorysetup-temp-allocator-size-preload-manager=33554432"
    "memorysetup-temp-allocator-size-nav-mesh-worker=65536"
    "memorysetup-temp-allocator-size-audio-worker=65536"
    "memorysetup-temp-allocator-size-cloud-worker=32768"
    "memorysetup-temp-allocator-size-gi-baking-worker=262144"
    "memorysetup-temp-allocator-size-gfx=262144"
Refreshing native plugins compatible for Editor in 189.17 ms, found 4 plugins.
Preloading 0 native plugins for Editor in 0.00 ms.
Initialize engine version: 2021.3.11f1 (0a5ca18544bf)
[Subsystems] Discovering subsystems at path D:/Program Files/Unity Hub/Unity Hub Editor/2021.3.11f1/Editor/Data/Resources/UnitySubsystems
[Subsystems] Discovering subsystems at path D:/MiddleAges/MiddleAges/Assets
GfxDevice: creating device client; threaded=0; jobified=0
Direct3D:
    Version:  Direct3D 11.0 [level 11.1]
    Renderer: NVIDIA GeForce MX330 (ID=0x1d16)
    Vendor:   NVIDIA
    VRAM:     1983 MB
    Driver:   30.0.15.1272
Initialize mono
Mono path[0] = 'D:/Program Files/Unity Hub/Unity Hub Editor/2021.3.11f1/Editor/Data/Managed'
Mono path[1] = 'D:/Program Files/Unity Hub/Unity Hub Editor/2021.3.11f1/Editor/Data/MonoBleedingEdge/lib/mono/unityjit-win32'
Mono config path = 'D:/Program Files/Unity Hub/Unity Hub Editor/2021.3.11f1/Editor/Data/MonoBleedingEdge/etc'
Using monoOptions --debugger-agent=transport=dt_socket,embedding=1,server=y,suspend=n,address=127.0.0.1:56852
Begin MonoManager ReloadAssembly
Registering precompiled unity dll's ...
Register platform support module: D:/Program Files/Unity Hub/Unity Hub Editor/2021.3.11f1/Editor/Data/PlaybackEngines/WebGLSupport/UnityEditor.WebGL.Extensions.dll
Register platform support module: D:/Program Files/Unity Hub/Unity Hub Editor/2021.3.11f1/Editor/Data/PlaybackEngines/WindowsStandaloneSupport/UnityEditor.WindowsStandalone.Extensions.dll
Registered in 0.008927 seconds.
Native extension for WindowsStandalone target not found
Native extension for WebGL target not found
Refreshing native plugins compatible for Editor in 232.00 ms, found 4 plugins.
Preloading 0 native plugins for Editor in 0.00 ms.
Mono: successfully reloaded assembly
- Completed reload, in  1.503 seconds
Domain Reload Profiling:
	ReloadAssembly (1504ms)
		BeginReloadAssembly (169ms)
			ExecutionOrderSort (0ms)
			DisableScriptedObjects (0ms)
			BackupInstance (0ms)
			ReleaseScriptingObjects (0ms)
			CreateAndSetChildDomain (1ms)
		EndReloadAssembly (1092ms)
			LoadAssemblies (168ms)
			RebuildTransferFunctionScriptingTraits (0ms)
			SetupTypeCache (257ms)
			ReleaseScriptCaches (0ms)
			RebuildScriptCaches (65ms)
			SetupLoadedEditorAssemblies (669ms)
				LogAssemblyErrors (0ms)
				InitializePlatformSupportModulesInManaged (25ms)
				SetLoadedEditorAssemblies (0ms)
				RefreshPlugins (232ms)
				BeforeProcessingInitializeOnLoad (2ms)
				ProcessInitializeOnLoadAttributes (298ms)
				ProcessInitializeOnLoadMethodAttributes (111ms)
				AfterProcessingInitializeOnLoad (0ms)
				EditorAssembliesLoaded (0ms)
			ExecutionOrderSort2 (0ms)
			AwakeInstancesAfterBackupRestoration (0ms)
Platform modules already initialized, skipping
Registering precompiled user dll's ...
Registered in 0.017925 seconds.
Begin MonoManager ReloadAssembly
Symbol file LoadedFromMemory doesn't match image D:\MiddleAges\MiddleAges\Library\PackageCache\com.unity.visualscripting@1.7.8\Editor\VisualScripting.Core\Dependencies\YamlDotNet\Unity.VisualScripting.YamlDotNet.dll
Symbol file LoadedFromMemory doesn't match image D:\MiddleAges\MiddleAges\Library\PackageCache\com.unity.visualscripting@1.7.8\Editor\VisualScripting.Core\Dependencies\DotNetZip\Unity.VisualScripting.IonicZip.dll
Native extension for WindowsStandalone target not found
Native extension for WebGL target not found
Refreshing native plugins compatible for Editor in 197.68 ms, found 4 plugins.
Preloading 0 native plugins for Editor in 0.00 ms.
Mono: successfully reloaded assembly
- Completed reload, in  2.593 seconds
Domain Reload Profiling:
	ReloadAssembly (2595ms)
		BeginReloadAssembly (221ms)
			ExecutionOrderSort (0ms)
			DisableScriptedObjects (10ms)
			BackupInstance (0ms)
			ReleaseScriptingObjects (0ms)
			CreateAndSetChildDomain (37ms)
		EndReloadAssembly (2120ms)
			LoadAssemblies (167ms)
			RebuildTransferFunctionScriptingTraits (0ms)
			SetupTypeCache (592ms)
			ReleaseScriptCaches (1ms)
			RebuildScriptCaches (139ms)
			SetupLoadedEditorAssemblies (1113ms)
				LogAssemblyErrors (0ms)
				InitializePlatformSupportModulesInManaged (11ms)
				SetLoadedEditorAssemblies (1ms)
				RefreshPlugins (198ms)
				BeforeProcessingInitializeOnLoad (198ms)
				ProcessInitializeOnLoadAttributes (586ms)
				ProcessInitializeOnLoadMethodAttributes (109ms)
				AfterProcessingInitializeOnLoad (11ms)
				EditorAssembliesLoaded (0ms)
			ExecutionOrderSort2 (0ms)
			AwakeInstancesAfterBackupRestoration (13ms)
Platform modules already initialized, skipping
========================================================================
Worker process is ready to serve import requests
Launched and connected shader compiler UnityShaderCompiler.exe after 0.09 seconds
Refreshing native plugins compatible for Editor in 1.56 ms, found 4 plugins.
Preloading 0 native plugins for Editor in 0.00 ms.
Unloading 4070 Unused Serialized files (Serialized files now loaded: 0)
Unloading 44 unused Assets / (229.3 KB). Loaded Objects now: 4521.
Memory consumption went from 151.5 MB to 151.3 MB.
Total: 7.868300 ms (FindLiveObjects: 0.421700 ms CreateObjectMapping: 0.570700 ms MarkObjects: 6.611000 ms  DeleteObjects: 0.263400 ms)

AssetImportParameters requested are different than current active one (requested -> active):
  custom:video-decoder-ogg-theora: a1e56fd34408186e4bbccfd4996cb3dc -> 
  custom:container-muxer-webm: aa71ff27fc2769a1b78a27578f13a17b -> 
  custom:container-demuxer-webm: 4f35f7cbe854078d1ac9338744f61a02 -> 
  custom:video-encoder-webm-vp8: eb34c28f22e8b96e1ab97ce403110664 -> 
  custom:audio-encoder-webm-vorbis: bf7c407c2cedff20999df2af8eb42d56 -> 
  custom:framework-win-MediaFoundation: 216162199b28c13a410421893ffa2e32 -> 
  custom:container-demuxer-ogg: 62fdf1f143b41e24485cea50d1cbac27 -> 
  custom:video-decoder-webm-vp8: 9c59270c3fd7afecdb556c50c9e8de78 -> 
  custom:audio-decoder-ogg-vorbis: bf7c407c2cedff20999df2af8eb42d56 -> 
========================================================================
Received Import Request.
  Time since last request: 459550.339245 seconds.
  path: Assets/lhst/tiles_ground/ground_map_8.asset
  artifactKey: Guid(3cdfbc145b2fd9c4790bf032f6c7b265) Importer(815301076,1909f56bfc062723c751e8b465ee728b)
Start importing Assets/lhst/tiles_ground/ground_map_8.asset using Guid(3cdfbc145b2fd9c4790bf032f6c7b265) Importer(815301076,1909f56bfc062723c751e8b465ee728b)  -> (artifact id: 'c626d415871c17601577c2776d973772') in 0.149201 seconds 
========================================================================
Received Import Request.
  Time since last request: 0.000036 seconds.
  path: Assets/lhst/tiles_ground/ground_map_0.asset
  artifactKey: Guid(31170eefdd9aed04daaf5ff84760e26c) Importer(815301076,1909f56bfc062723c751e8b465ee728b)
Start importing Assets/lhst/tiles_ground/ground_map_0.asset using Guid(31170eefdd9aed04daaf5ff84760e26c) Importer(815301076,1909f56bfc062723c751e8b465ee728b)  -> (artifact id: '7a34d2fd62bc1e4a7ec521fc6a9e3f97') in 0.018234 seconds 
========================================================================
Received Import Request.
  Time since last request: 0.000025 seconds.
  path: Assets/lhst/tiles_ground/ground_map_11.asset
  artifactKey: Guid(2673bd19c08194d4986217ae7be78331) Importer(815301076,1909f56bfc062723c751e8b465ee728b)
Start importing Assets/lhst/tiles_ground/ground_map_11.asset using Guid(2673bd19c08194d4986217ae7be78331) Importer(815301076,1909f56bfc062723c751e8b465ee728b)  -> (artifact id: 'a104a418a1161d6bca88456cd28c0775') in 0.019522 seconds 
========================================================================
Received Import Request.
  Time since last request: 0.000029 seconds.
  path: Assets/lhst/tiles_ground/ground_map_22.asset
  artifactKey: Guid(c9aa3441771f59e4998ea935dd792235) Importer(815301076,1909f56bfc062723c751e8b465ee728b)
Start importing Assets/lhst/tiles_ground/ground_map_22.asset using Guid(c9aa3441771f59e4998ea935dd792235) Importer(815301076,1909f56bfc062723c751e8b465ee728b)  -> (artifact id: 'acb7fdf848be91282ee1a4abbcfc1087') in 0.022470 seconds 
========================================================================
Received Import Request.
  Time since last request: 0.000036 seconds.
  path: Assets/lhst/tiles_ground/ground_map_3.asset
  artifactKey: Guid(f26576ed682c1e140ba907a50342e1c9) Importer(815301076,1909f56bfc062723c751e8b465ee728b)
Start importing Assets/lhst/tiles_ground/ground_map_3.asset using Guid(f26576ed682c1e140ba907a50342e1c9) Importer(815301076,1909f56bfc062723c751e8b465ee728b)  -> (artifact id: '53a82bcf7793a5f302336407804d4ac7') in 0.019580 seconds 
========================================================================
Received Import Request.
  Time since last request: 0.000049 seconds.
  path: Assets/lhst/tiles_ground/ground_map_9.asset
  artifactKey: Guid(fec2012e550b98441a89bc8dff431b22) Importer(815301076,1909f56bfc062723c751e8b465ee728b)
Start importing Assets/lhst/tiles_ground/ground_map_9.asset using Guid(fec2012e550b98441a89bc8dff431b22) Importer(815301076,1909f56bfc062723c751e8b465ee728b)  -> (artifact id: '7f436bc530b0244c2061a46d68d90a66') in 0.022843 seconds 
========================================================================
Received Import Request.
  Time since last request: 0.000025 seconds.
  path: Assets/lhst/tiles_ground/ground_map_1.asset
  artifactKey: Guid(f1f52a2dd314e794facd41a829530685) Importer(815301076,1909f56bfc062723c751e8b465ee728b)
Start importing Assets/lhst/tiles_ground/ground_map_1.asset using Guid(f1f52a2dd314e794facd41a829530685) Importer(815301076,1909f56bfc062723c751e8b465ee728b)  -> (artifact id: '9b2ab96706e3257092e627c5f90fa5f6') in 0.022668 seconds 
========================================================================
Received Import Request.
  Time since last request: 0.000088 seconds.
  path: Assets/lhst/tiles_ground/ground_map_15.asset
  artifactKey: Guid(c560a1842e415ea4f98101a1bb6054a9) Importer(815301076,1909f56bfc062723c751e8b465ee728b)
Start importing Assets/lhst/tiles_ground/ground_map_15.asset using Guid(c560a1842e415ea4f98101a1bb6054a9) Importer(815301076,1909f56bfc062723c751e8b465ee728b)  -> (artifact id: '26b112b07b1968087d3442c479f7f629') in 0.021283 seconds 
========================================================================
Received Import Request.
  Time since last request: 0.000033 seconds.
  path: Assets/lhst/tiles_ground/ground_map_6.asset
  artifactKey: Guid(37c6840d148c0f64cb540454cd78c523) Importer(815301076,1909f56bfc062723c751e8b465ee728b)
Start importing Assets/lhst/tiles_ground/ground_map_6.asset using Guid(37c6840d148c0f64cb540454cd78c523) Importer(815301076,1909f56bfc062723c751e8b465ee728b)  -> (artifact id: '83b23c886a4169657bd3012b2bcfff77') in 0.024092 seconds 
========================================================================
Received Import Request.
  Time since last request: 0.000035 seconds.
  path: Assets/lhst/tiles_ground/ground_map_4.asset
  artifactKey: Guid(4ab2f20e29954ef4da07ea13be9a4325) Importer(815301076,1909f56bfc062723c751e8b465ee728b)
Start importing Assets/lhst/tiles_ground/ground_map_4.asset using Guid(4ab2f20e29954ef4da07ea13be9a4325) Importer(815301076,1909f56bfc062723c751e8b465ee728b)  -> (artifact id: 'f56ddfefbb4815266198c20be40c27e5') in 0.024540 seconds 
========================================================================
Received Import Request.
  Time since last request: 0.000029 seconds.
  path: Assets/lhst/tiles_ground/ground_map_12.asset
  artifactKey: Guid(9cfd9f387e246cb43818c658d3489509) Importer(815301076,1909f56bfc062723c751e8b465ee728b)
Start importing Assets/lhst/tiles_ground/ground_map_12.asset using Guid(9cfd9f387e246cb43818c658d3489509) Importer(815301076,1909f56bfc062723c751e8b465ee728b)  -> (artifact id: '6c1e727fb4f116db1322b1d983fad8f4') in 0.022115 seconds 
========================================================================
Received Import Request.
  Time since last request: 0.000029 seconds.
  path: Assets/lhst/tiles_ground/ground_map_19.asset
  artifactKey: Guid(5f83e2e999d0140499a3984b4e2329cc) Importer(815301076,1909f56bfc062723c751e8b465ee728b)
Start importing Assets/lhst/tiles_ground/ground_map_19.asset using Guid(5f83e2e999d0140499a3984b4e2329cc) Importer(815301076,1909f56bfc062723c751e8b465ee728b)  -> (artifact id: '7c89184c18509e6749594ab9602cb6e9') in 0.022360 seconds 
========================================================================
Received Import Request.
  Time since last request: 0.000075 seconds.
  path: Assets/lhst/tiles_ground/ground_map_2.asset
  artifactKey: Guid(9fe1ea21ea949b24aae460fa1368647f) Importer(815301076,1909f56bfc062723c751e8b465ee728b)
Start importing Assets/lhst/tiles_ground/ground_map_2.asset using Guid(9fe1ea21ea949b24aae460fa1368647f) Importer(815301076,1909f56bfc062723c751e8b465ee728b)  -> (artifact id: '782f1f4d45c1c6d9dcfdd2a5c522970e') in 0.022938 seconds 
========================================================================
Received Import Request.
  Time since last request: 0.000055 seconds.
  path: Assets/lhst/tiles_ground/ground_map_21.asset
  artifactKey: Guid(7b63899b4354e5947a587699827cebff) Importer(815301076,1909f56bfc062723c751e8b465ee728b)
Start importing Assets/lhst/tiles_ground/ground_map_21.asset using Guid(7b63899b4354e5947a587699827cebff) Importer(815301076,1909f56bfc062723c751e8b465ee728b)  -> (artifact id: 'ebe60b0f6bce8b7da5372060c9d3b5ea') in 0.020837 seconds 
========================================================================
Received Import Request.
  Time since last request: 0.000039 seconds.
  path: Assets/lhst/tiles_ground/ground_map_18.asset
  artifactKey: Guid(2415023b42476ef4d9dee20e50c143d4) Importer(815301076,1909f56bfc062723c751e8b465ee728b)
Start importing Assets/lhst/tiles_ground/ground_map_18.asset using Guid(2415023b42476ef4d9dee20e50c143d4) Importer(815301076,1909f56bfc062723c751e8b465ee728b)  -> (artifact id: '9e9b8cdb7be92da14829d1cb100e0f0c') in 0.017392 seconds 
========================================================================
Received Import Request.
  Time since last request: 0.000035 seconds.
  path: Assets/lhst/tiles_ground/ground_map_17.asset
  artifactKey: Guid(684ace1ba721aea44b92649890f2305b) Importer(815301076,1909f56bfc062723c751e8b465ee728b)
Start importing Assets/lhst/tiles_ground/ground_map_17.asset using Guid(684ace1ba721aea44b92649890f2305b) Importer(815301076,1909f56bfc062723c751e8b465ee728b)  -> (artifact id: 'e7f6adf7676a328b9124be0a71e47106') in 0.017785 seconds 
========================================================================
Received Import Request.
  Time since last request: 0.000025 seconds.
  path: Assets/lhst/tiles_ground/ground_map_14.asset
  artifactKey: Guid(17bb2e778f7666b4d935230373dd17ef) Importer(815301076,1909f56bfc062723c751e8b465ee728b)
Start importing Assets/lhst/tiles_ground/ground_map_14.asset using Guid(17bb2e778f7666b4d935230373dd17ef) Importer(815301076,1909f56bfc062723c751e8b465ee728b)  -> (artifact id: 'cc9f54c3ed95ef52747c0ae15ff1c747') in 0.020403 seconds 
========================================================================
Received Import Request.
  Time since last request: 0.000029 seconds.
  path: Assets/lhst/tiles_ground/ground_map_5.asset
  artifactKey: Guid(2e58df2541a87b24d8529e1b88d093e1) Importer(815301076,1909f56bfc062723c751e8b465ee728b)
Start importing Assets/lhst/tiles_ground/ground_map_5.asset using Guid(2e58df2541a87b24d8529e1b88d093e1) Importer(815301076,1909f56bfc062723c751e8b465ee728b)  -> (artifact id: '57d15fd6a05c32cc0f7d175a1bee70d3') in 0.026427 seconds 
========================================================================
Received Import Request.
  Time since last request: 0.000029 seconds.
  path: Assets/lhst/tiles_ground/ground_map_16.asset
  artifactKey: Guid(e93d92774482f384188f82a99c0625d2) Importer(815301076,1909f56bfc062723c751e8b465ee728b)
Start importing Assets/lhst/tiles_ground/ground_map_16.asset using Guid(e93d92774482f384188f82a99c0625d2) Importer(815301076,1909f56bfc062723c751e8b465ee728b)  -> (artifact id: 'cb4409a08338fab9ded363e534e7cb1d') in 0.025773 seconds 
========================================================================
Received Import Request.
  Time since last request: 0.000113 seconds.
  path: Assets/lhst/tiles_ground/ground_map_10.asset
  artifactKey: Guid(9a947c3e368d1454b802bfcf5cd5191a) Importer(815301076,1909f56bfc062723c751e8b465ee728b)
Start importing Assets/lhst/tiles_ground/ground_map_10.asset using Guid(9a947c3e368d1454b802bfcf5cd5191a) Importer(815301076,1909f56bfc062723c751e8b465ee728b)  -> (artifact id: '405b8fd99fbaceb1da8d4abfeccbc9e3') in 0.025449 seconds 
========================================================================
Received Import Request.
  Time since last request: 0.000048 seconds.
  path: Assets/lhst/tiles_ground/ground_map_20.asset
  artifactKey: Guid(8ab2aaf281018a643bf954270d8b9a5f) Importer(815301076,1909f56bfc062723c751e8b465ee728b)
Start importing Assets/lhst/tiles_ground/ground_map_20.asset using Guid(8ab2aaf281018a643bf954270d8b9a5f) Importer(815301076,1909f56bfc062723c751e8b465ee728b)  -> (artifact id: 'f1c69edbf467247ee744d3209540bc7c') in 0.022884 seconds 
========================================================================
Received Import Request.
  Time since last request: 0.000026 seconds.
  path: Assets/lhst/tiles_ground/ground_map_13.asset
  artifactKey: Guid(16a7ef1404f53674b88a5401a3cdc01a) Importer(815301076,1909f56bfc062723c751e8b465ee728b)
Start importing Assets/lhst/tiles_ground/ground_map_13.asset using Guid(16a7ef1404f53674b88a5401a3cdc01a) Importer(815301076,1909f56bfc062723c751e8b465ee728b)  -> (artifact id: 'b052825833e39be6a1dc15875d733d37') in 0.018579 seconds 
========================================================================
Received Import Request.
  Time since last request: 0.000032 seconds.
  path: Assets/lhst/tiles_ground/ground_map_7.asset
  artifactKey: Guid(420a8d7113bf2aa4784f1e2370f9f378) Importer(815301076,1909f56bfc062723c751e8b465ee728b)
Start importing Assets/lhst/tiles_ground/ground_map_7.asset using Guid(420a8d7113bf2aa4784f1e2370f9f378) Importer(815301076,1909f56bfc062723c751e8b465ee728b)  -> (artifact id: 'f08baa5306f6654e8b58cd630e3daff3') in 0.017289 seconds 
========================================================================
Received Import Request.
  Time since last request: 0.000043 seconds.
  path: Assets/lhst/tiles_ground/ground_map_23.asset
  artifactKey: Guid(a34c15d3b8a9a264ab1949311b2ae33f) Importer(815301076,1909f56bfc062723c751e8b465ee728b)
Start importing Assets/lhst/tiles_ground/ground_map_23.asset using Guid(a34c15d3b8a9a264ab1949311b2ae33f) Importer(815301076,1909f56bfc062723c751e8b465ee728b)  -> (artifact id: '67383d4dc3aa080414f4140ccc299cf4') in 0.020426 seconds 
========================================================================
Received Prepare
Registering precompiled user dll's ...
Registered in 0.010974 seconds.
Begin MonoManager ReloadAssembly
Symbol file LoadedFromMemory doesn't match image D:\MiddleAges\MiddleAges\Library\PackageCache\com.unity.visualscripting@1.7.8\Editor\VisualScripting.Core\Dependencies\YamlDotNet\Unity.VisualScripting.YamlDotNet.dll
Symbol file LoadedFromMemory doesn't match image D:\MiddleAges\MiddleAges\Library\PackageCache\com.unity.visualscripting@1.7.8\Editor\VisualScripting.Core\Dependencies\DotNetZip\Unity.VisualScripting.IonicZip.dll
Native extension for WindowsStandalone target not found
Native extension for WebGL target not found
Refreshing native plugins compatible for Editor in 1.93 ms, found 4 plugins.
Preloading 0 native plugins for Editor in 0.00 ms.
Mono: successfully reloaded assembly
- Completed reload, in  3.493 seconds
Domain Reload Profiling:
	ReloadAssembly (3495ms)
		BeginReloadAssembly (334ms)
			ExecutionOrderSort (0ms)
			DisableScriptedObjects (21ms)
			BackupInstance (0ms)
			ReleaseScriptingObjects (0ms)
			CreateAndSetChildDomain (107ms)
		EndReloadAssembly (2874ms)
			LoadAssemblies (216ms)
			RebuildTransferFunctionScriptingTraits (0ms)
			SetupTypeCache (810ms)
			ReleaseScriptCaches (2ms)
			RebuildScriptCaches (248ms)
			SetupLoadedEditorAssemblies (1284ms)
				LogAssemblyErrors (0ms)
				InitializePlatformSupportModulesInManaged (35ms)
				SetLoadedEditorAssemblies (1ms)
				RefreshPlugins (2ms)
				BeforeProcessingInitializeOnLoad (223ms)
				ProcessInitializeOnLoadAttributes (854ms)
				ProcessInitializeOnLoadMethodAttributes (152ms)
				AfterProcessingInitializeOnLoad (16ms)
				EditorAssembliesLoaded (1ms)
			ExecutionOrderSort2 (0ms)
			AwakeInstancesAfterBackupRestoration (47ms)
Platform modules already initialized, skipping
Refreshing native plugins compatible for Editor in 9.63 ms, found 4 plugins.
Preloading 0 native plugins for Editor in 0.00 ms.
Unloading 4065 Unused Serialized files (Serialized files now loaded: 0)
Unloading 31 unused Assets / (195.9 KB). Loaded Objects now: 4527.
Memory consumption went from 151.5 MB to 151.3 MB.
Total: 9.275900 ms (FindLiveObjects: 0.469600 ms CreateObjectMapping: 0.346100 ms MarkObjects: 8.048400 ms  DeleteObjects: 0.410000 ms)

AssetImportParameters requested are different than current active one (requested -> active):
  custom:video-decoder-ogg-theora: a1e56fd34408186e4bbccfd4996cb3dc -> 
  custom:container-muxer-webm: aa71ff27fc2769a1b78a27578f13a17b -> 
  custom:container-demuxer-webm: 4f35f7cbe854078d1ac9338744f61a02 -> 
  custom:video-encoder-webm-vp8: eb34c28f22e8b96e1ab97ce403110664 -> 
  custom:audio-encoder-webm-vorbis: bf7c407c2cedff20999df2af8eb42d56 -> 
  custom:framework-win-MediaFoundation: 216162199b28c13a410421893ffa2e32 -> 
  custom:container-demuxer-ogg: 62fdf1f143b41e24485cea50d1cbac27 -> 
  custom:video-decoder-webm-vp8: 9c59270c3fd7afecdb556c50c9e8de78 -> 
  custom:audio-decoder-ogg-vorbis: bf7c407c2cedff20999df2af8eb42d56 -> 
========================================================================
Received Prepare
Registering precompiled user dll's ...
Registered in 0.012858 seconds.
Begin MonoManager ReloadAssembly
Symbol file LoadedFromMemory doesn't match image D:\MiddleAges\MiddleAges\Library\PackageCache\com.unity.visualscripting@1.7.8\Editor\VisualScripting.Core\Dependencies\YamlDotNet\Unity.VisualScripting.YamlDotNet.dll
Symbol file LoadedFromMemory doesn't match image D:\MiddleAges\MiddleAges\Library\PackageCache\com.unity.visualscripting@1.7.8\Editor\VisualScripting.Core\Dependencies\DotNetZip\Unity.VisualScripting.IonicZip.dll
Native extension for WindowsStandalone target not found
Native extension for WebGL target not found
Refreshing native plugins compatible for Editor in 2.55 ms, found 4 plugins.
Preloading 0 native plugins for Editor in 0.00 ms.
Mono: successfully reloaded assembly
- Completed reload, in  3.234 seconds
Domain Reload Profiling:
	ReloadAssembly (3235ms)
		BeginReloadAssembly (358ms)
			ExecutionOrderSort (0ms)
			DisableScriptedObjects (24ms)
			BackupInstance (0ms)
			ReleaseScriptingObjects (0ms)
			CreateAndSetChildDomain (98ms)
		EndReloadAssembly (2602ms)
			LoadAssemblies (248ms)
			RebuildTransferFunctionScriptingTraits (0ms)
			SetupTypeCache (792ms)
			ReleaseScriptCaches (4ms)
			RebuildScriptCaches (257ms)
			SetupLoadedEditorAssemblies (1036ms)
				LogAssemblyErrors (0ms)
				InitializePlatformSupportModulesInManaged (35ms)
				SetLoadedEditorAssemblies (1ms)
				RefreshPlugins (3ms)
				BeforeProcessingInitializeOnLoad (220ms)
				ProcessInitializeOnLoadAttributes (649ms)
				ProcessInitializeOnLoadMethodAttributes (118ms)
				AfterProcessingInitializeOnLoad (10ms)
				EditorAssembliesLoaded (0ms)
			ExecutionOrderSort2 (0ms)
			AwakeInstancesAfterBackupRestoration (24ms)
Platform modules already initialized, skipping
Refreshing native plugins compatible for Editor in 6.09 ms, found 4 plugins.
Preloading 0 native plugins for Editor in 0.00 ms.
Unloading 4065 Unused Serialized files (Serialized files now loaded: 0)
Unloading 31 unused Assets / (195.7 KB). Loaded Objects now: 4530.
Memory consumption went from 151.5 MB to 151.3 MB.
Total: 4.997500 ms (FindLiveObjects: 0.338800 ms CreateObjectMapping: 0.225800 ms MarkObjects: 4.251400 ms  DeleteObjects: 0.179500 ms)

AssetImportParameters requested are different than current active one (requested -> active):
  custom:video-decoder-ogg-theora: a1e56fd34408186e4bbccfd4996cb3dc -> 
  custom:container-muxer-webm: aa71ff27fc2769a1b78a27578f13a17b -> 
  custom:container-demuxer-webm: 4f35f7cbe854078d1ac9338744f61a02 -> 
  custom:video-encoder-webm-vp8: eb34c28f22e8b96e1ab97ce403110664 -> 
  custom:audio-encoder-webm-vorbis: bf7c407c2cedff20999df2af8eb42d56 -> 
  custom:framework-win-MediaFoundation: 216162199b28c13a410421893ffa2e32 -> 
  custom:container-demuxer-ogg: 62fdf1f143b41e24485cea50d1cbac27 -> 
  custom:video-decoder-webm-vp8: 9c59270c3fd7afecdb556c50c9e8de78 -> 
  custom:audio-decoder-ogg-vorbis: bf7c407c2cedff20999df2af8eb42d56 -> 
========================================================================
Received Prepare
Registering precompiled user dll's ...
Registered in 0.014676 seconds.
Begin MonoManager ReloadAssembly
Symbol file LoadedFromMemory doesn't match image D:\MiddleAges\MiddleAges\Library\PackageCache\com.unity.visualscripting@1.7.8\Editor\VisualScripting.Core\Dependencies\YamlDotNet\Unity.VisualScripting.YamlDotNet.dll
Symbol file LoadedFromMemory doesn't match image D:\MiddleAges\MiddleAges\Library\PackageCache\com.unity.visualscripting@1.7.8\Editor\VisualScripting.Core\Dependencies\DotNetZip\Unity.VisualScripting.IonicZip.dll
Native extension for WindowsStandalone target not found
Native extension for WebGL target not found
Refreshing native plugins compatible for Editor in 3.38 ms, found 4 plugins.
Preloading 0 native plugins for Editor in 0.00 ms.
Mono: successfully reloaded assembly
- Completed reload, in  3.663 seconds
Domain Reload Profiling:
	ReloadAssembly (3665ms)
		BeginReloadAssembly (511ms)
			ExecutionOrderSort (0ms)
			DisableScriptedObjects (43ms)
			BackupInstance (0ms)
			ReleaseScriptingObjects (0ms)
			CreateAndSetChildDomain (199ms)
		EndReloadAssembly (2779ms)
			LoadAssemblies (288ms)
			RebuildTransferFunctionScriptingTraits (0ms)
			SetupTypeCache (886ms)
			ReleaseScriptCaches (5ms)
			RebuildScriptCaches (230ms)
			SetupLoadedEditorAssemblies (1189ms)
				LogAssemblyErrors (0ms)
				InitializePlatformSupportModulesInManaged (41ms)
				SetLoadedEditorAssemblies (3ms)
				RefreshPlugins (4ms)
				BeforeProcessingInitializeOnLoad (232ms)
				ProcessInitializeOnLoadAttributes (771ms)
				ProcessInitializeOnLoadMethodAttributes (127ms)
				AfterProcessingInitializeOnLoad (10ms)
				EditorAssembliesLoaded (1ms)
			ExecutionOrderSort2 (0ms)
			AwakeInstancesAfterBackupRestoration (34ms)
Platform modules already initialized, skipping
Refreshing native plugins compatible for Editor in 3.80 ms, found 4 plugins.
Preloading 0 native plugins for Editor in 0.00 ms.
Unloading 4065 Unused Serialized files (Serialized files now loaded: 0)
Unloading 31 unused Assets / (195.7 KB). Loaded Objects now: 4533.
Memory consumption went from 151.5 MB to 151.4 MB.
Total: 8.420300 ms (FindLiveObjects: 0.465600 ms CreateObjectMapping: 0.214900 ms MarkObjects: 7.370600 ms  DeleteObjects: 0.366700 ms)

AssetImportParameters requested are different than current active one (requested -> active):
  custom:video-decoder-ogg-theora: a1e56fd34408186e4bbccfd4996cb3dc -> 
  custom:container-muxer-webm: aa71ff27fc2769a1b78a27578f13a17b -> 
  custom:container-demuxer-webm: 4f35f7cbe854078d1ac9338744f61a02 -> 
  custom:video-encoder-webm-vp8: eb34c28f22e8b96e1ab97ce403110664 -> 
  custom:audio-encoder-webm-vorbis: bf7c407c2cedff20999df2af8eb42d56 -> 
  custom:framework-win-MediaFoundation: 216162199b28c13a410421893ffa2e32 -> 
  custom:container-demuxer-ogg: 62fdf1f143b41e24485cea50d1cbac27 -> 
  custom:video-decoder-webm-vp8: 9c59270c3fd7afecdb556c50c9e8de78 -> 
  custom:audio-decoder-ogg-vorbis: bf7c407c2cedff20999df2af8eb42d56 -> 
========================================================================
Received Prepare
Registering precompiled user dll's ...
Registered in 0.011504 seconds.
Begin MonoManager ReloadAssembly
Symbol file LoadedFromMemory doesn't match image D:\MiddleAges\MiddleAges\Library\PackageCache\com.unity.visualscripting@1.7.8\Editor\VisualScripting.Core\Dependencies\YamlDotNet\Unity.VisualScripting.YamlDotNet.dll
Symbol file LoadedFromMemory doesn't match image D:\MiddleAges\MiddleAges\Library\PackageCache\com.unity.visualscripting@1.7.8\Editor\VisualScripting.Core\Dependencies\DotNetZip\Unity.VisualScripting.IonicZip.dll
Native extension for WindowsStandalone target not found
Native extension for WebGL target not found
Refreshing native plugins compatible for Editor in 1.52 ms, found 4 plugins.
Preloading 0 native plugins for Editor in 0.00 ms.
Mono: successfully reloaded assembly
- Completed reload, in  4.101 seconds
Domain Reload Profiling:
	ReloadAssembly (4103ms)
		BeginReloadAssembly (449ms)
			ExecutionOrderSort (0ms)
			DisableScriptedObjects (27ms)
			BackupInstance (0ms)
			ReleaseScriptingObjects (0ms)
			CreateAndSetChildDomain (116ms)
		EndReloadAssembly (3277ms)
			LoadAssemblies (312ms)
			RebuildTransferFunctionScriptingTraits (0ms)
			SetupTypeCache (991ms)
			ReleaseScriptCaches (3ms)
			RebuildScriptCaches (353ms)
			SetupLoadedEditorAssemblies (1304ms)
				LogAssemblyErrors (0ms)
				InitializePlatformSupportModulesInManaged (42ms)
				SetLoadedEditorAssemblies (2ms)
				RefreshPlugins (2ms)
				BeforeProcessingInitializeOnLoad (236ms)
				ProcessInitializeOnLoadAttributes (849ms)
				ProcessInitializeOnLoadMethodAttributes (163ms)
				AfterProcessingInitializeOnLoad (9ms)
				EditorAssembliesLoaded (1ms)
			ExecutionOrderSort2 (0ms)
			AwakeInstancesAfterBackupRestoration (29ms)
Platform modules already initialized, skipping
Refreshing native plugins compatible for Editor in 7.79 ms, found 4 plugins.
Preloading 0 native plugins for Editor in 0.00 ms.
Unloading 4065 Unused Serialized files (Serialized files now loaded: 0)
Unloading 31 unused Assets / (195.9 KB). Loaded Objects now: 4536.
Memory consumption went from 151.5 MB to 151.4 MB.
Total: 12.103000 ms (FindLiveObjects: 1.990600 ms CreateObjectMapping: 0.860300 ms MarkObjects: 8.747100 ms  DeleteObjects: 0.502600 ms)

AssetImportParameters requested are different than current active one (requested -> active):
  custom:video-decoder-ogg-theora: a1e56fd34408186e4bbccfd4996cb3dc -> 
  custom:container-muxer-webm: aa71ff27fc2769a1b78a27578f13a17b -> 
  custom:container-demuxer-webm: 4f35f7cbe854078d1ac9338744f61a02 -> 
  custom:video-encoder-webm-vp8: eb34c28f22e8b96e1ab97ce403110664 -> 
  custom:audio-encoder-webm-vorbis: bf7c407c2cedff20999df2af8eb42d56 -> 
  custom:framework-win-MediaFoundation: 216162199b28c13a410421893ffa2e32 -> 
  custom:container-demuxer-ogg: 62fdf1f143b41e24485cea50d1cbac27 -> 
  custom:video-decoder-webm-vp8: 9c59270c3fd7afecdb556c50c9e8de78 -> 
  custom:audio-decoder-ogg-vorbis: bf7c407c2cedff20999df2af8eb42d56 -> 
========================================================================
Received Prepare
Registering precompiled user dll's ...
Registered in 0.009157 seconds.
Begin MonoManager ReloadAssembly
Symbol file LoadedFromMemory doesn't match image D:\MiddleAges\MiddleAges\Library\PackageCache\com.unity.visualscripting@1.7.8\Editor\VisualScripting.Core\Dependencies\YamlDotNet\Unity.VisualScripting.YamlDotNet.dll
Symbol file LoadedFromMemory doesn't match image D:\MiddleAges\MiddleAges\Library\PackageCache\com.unity.visualscripting@1.7.8\Editor\VisualScripting.Core\Dependencies\DotNetZip\Unity.VisualScripting.IonicZip.dll
Native extension for WindowsStandalone target not found
Native extension for WebGL target not found
Refreshing native plugins compatible for Editor in 1.05 ms, found 4 plugins.
Preloading 0 native plugins for Editor in 0.00 ms.
Mono: successfully reloaded assembly
- Completed reload, in  2.779 seconds
Domain Reload Profiling:
	ReloadAssembly (2783ms)
		BeginReloadAssembly (273ms)
			ExecutionOrderSort (0ms)
			DisableScriptedObjects (19ms)
			BackupInstance (0ms)
			ReleaseScriptingObjects (0ms)
			CreateAndSetChildDomain (76ms)
		EndReloadAssembly (2258ms)
			LoadAssemblies (190ms)
			RebuildTransferFunctionScriptingTraits (0ms)
			SetupTypeCache (666ms)
			ReleaseScriptCaches (3ms)
			RebuildScriptCaches (248ms)
			SetupLoadedEditorAssemblies (865ms)
				LogAssemblyErrors (0ms)
				InitializePlatformSupportModulesInManaged (36ms)
				SetLoadedEditorAssemblies (1ms)
				RefreshPlugins (1ms)
				BeforeProcessingInitializeOnLoad (164ms)
				ProcessInitializeOnLoadAttributes (547ms)
				ProcessInitializeOnLoadMethodAttributes (106ms)
				AfterProcessingInitializeOnLoad (10ms)
				EditorAssembliesLoaded (0ms)
			ExecutionOrderSort2 (0ms)
			AwakeInstancesAfterBackupRestoration (24ms)
Platform modules already initialized, skipping
Refreshing native plugins compatible for Editor in 5.50 ms, found 4 plugins.
Preloading 0 native plugins for Editor in 0.00 ms.
Unloading 4065 Unused Serialized files (Serialized files now loaded: 0)
Unloading 31 unused Assets / (195.9 KB). Loaded Objects now: 4539.
Memory consumption went from 151.6 MB to 151.4 MB.
Total: 7.957900 ms (FindLiveObjects: 0.310000 ms CreateObjectMapping: 0.345000 ms MarkObjects: 6.921900 ms  DeleteObjects: 0.378800 ms)

AssetImportParameters requested are different than current active one (requested -> active):
  custom:video-decoder-ogg-theora: a1e56fd34408186e4bbccfd4996cb3dc -> 
  custom:container-muxer-webm: aa71ff27fc2769a1b78a27578f13a17b -> 
  custom:container-demuxer-webm: 4f35f7cbe854078d1ac9338744f61a02 -> 
  custom:video-encoder-webm-vp8: eb34c28f22e8b96e1ab97ce403110664 -> 
  custom:audio-encoder-webm-vorbis: bf7c407c2cedff20999df2af8eb42d56 -> 
  custom:framework-win-MediaFoundation: 216162199b28c13a410421893ffa2e32 -> 
  custom:container-demuxer-ogg: 62fdf1f143b41e24485cea50d1cbac27 -> 
  custom:video-decoder-webm-vp8: 9c59270c3fd7afecdb556c50c9e8de78 -> 
  custom:audio-decoder-ogg-vorbis: bf7c407c2cedff20999df2af8eb42d56 -> 
========================================================================
Received Prepare
Registering precompiled user dll's ...
Registered in 0.013084 seconds.
Begin MonoManager ReloadAssembly
Symbol file LoadedFromMemory doesn't match image D:\MiddleAges\MiddleAges\Library\PackageCache\com.unity.visualscripting@1.7.8\Editor\VisualScripting.Core\Dependencies\YamlDotNet\Unity.VisualScripting.YamlDotNet.dll
Symbol file LoadedFromMemory doesn't match image D:\MiddleAges\MiddleAges\Library\PackageCache\com.unity.visualscripting@1.7.8\Editor\VisualScripting.Core\Dependencies\DotNetZip\Unity.VisualScripting.IonicZip.dll
Native extension for WindowsStandalone target not found
Native extension for WebGL target not found
Refreshing native plugins compatible for Editor in 1.28 ms, found 4 plugins.
Preloading 0 native plugins for Editor in 0.00 ms.
Mono: successfully reloaded assembly
- Completed reload, in  2.908 seconds
Domain Reload Profiling:
	ReloadAssembly (2910ms)
		BeginReloadAssembly (412ms)
			ExecutionOrderSort (0ms)
			DisableScriptedObjects (39ms)
			BackupInstance (0ms)
			ReleaseScriptingObjects (0ms)
			CreateAndSetChildDomain (120ms)
		EndReloadAssembly (2182ms)
			LoadAssemblies (259ms)
			RebuildTransferFunctionScriptingTraits (0ms)
			SetupTypeCache (784ms)
			ReleaseScriptCaches (3ms)
			RebuildScriptCaches (132ms)
			SetupLoadedEditorAssemblies (926ms)
				LogAssemblyErrors (0ms)
				InitializePlatformSupportModulesInManaged (40ms)
				SetLoadedEditorAssemblies (1ms)
				RefreshPlugins (1ms)
				BeforeProcessingInitializeOnLoad (184ms)
				ProcessInitializeOnLoadAttributes (583ms)
				ProcessInitializeOnLoadMethodAttributes (112ms)
				AfterProcessingInitializeOnLoad (6ms)
				EditorAssembliesLoaded (0ms)
			ExecutionOrderSort2 (0ms)
			AwakeInstancesAfterBackupRestoration (24ms)
Platform modules already initialized, skipping
Refreshing native plugins compatible for Editor in 3.57 ms, found 4 plugins.
Preloading 0 native plugins for Editor in 0.00 ms.
Unloading 4065 Unused Serialized files (Serialized files now loaded: 0)
Unloading 31 unused Assets / (195.9 KB). Loaded Objects now: 4542.
Memory consumption went from 151.6 MB to 151.4 MB.
Total: 6.696600 ms (FindLiveObjects: 0.484400 ms CreateObjectMapping: 0.290500 ms MarkObjects: 5.365700 ms  DeleteObjects: 0.553700 ms)

AssetImportParameters requested are different than current active one (requested -> active):
  custom:video-decoder-ogg-theora: a1e56fd34408186e4bbccfd4996cb3dc -> 
  custom:container-muxer-webm: aa71ff27fc2769a1b78a27578f13a17b -> 
  custom:container-demuxer-webm: 4f35f7cbe854078d1ac9338744f61a02 -> 
  custom:video-encoder-webm-vp8: eb34c28f22e8b96e1ab97ce403110664 -> 
  custom:audio-encoder-webm-vorbis: bf7c407c2cedff20999df2af8eb42d56 -> 
  custom:framework-win-MediaFoundation: 216162199b28c13a410421893ffa2e32 -> 
  custom:container-demuxer-ogg: 62fdf1f143b41e24485cea50d1cbac27 -> 
  custom:video-decoder-webm-vp8: 9c59270c3fd7afecdb556c50c9e8de78 -> 
  custom:audio-decoder-ogg-vorbis: bf7c407c2cedff20999df2af8eb42d56 -> 
