Using pre-set license
Built from '2021.3/staging' branch; Version is '2021.3.11f1 (0a5ca18544bf) revision 679073'; Using compiler version '192829333'; Build Type 'Release'
OS: 'Windows 10  (10.0.19044) 64bit Enterprise' Language: 'ru' Physical Memory: 16151 MB
BatchMode: 1, IsHumanControllingUs: 0, StartBugReporterOnCrash: 0, Is64bit: 1, IsPro: 1

COMMAND LINE ARGUMENTS:
D:\Program Files\Unity Hub\Unity Hub Editor\2021.3.11f1\Editor\Unity.exe
-adb2
-batchMode
-noUpm
-name
AssetImportWorker1
-projectPath
D:/MiddleAges/MiddleAges
-logFile
Logs/AssetImportWorker1.log
-srvPort
60722
Successfully changed project path to: D:/MiddleAges/MiddleAges
D:/MiddleAges/MiddleAges
[UnityMemory] Configuration Parameters - Can be set up in boot.config
    "memorysetup-bucket-allocator-granularity=16"
    "memorysetup-bucket-allocator-bucket-count=8"
    "memorysetup-bucket-allocator-block-size=33554432"
    "memorysetup-bucket-allocator-block-count=8"
    "memorysetup-main-allocator-block-size=16777216"
    "memorysetup-thread-allocator-block-size=16777216"
    "memorysetup-gfx-main-allocator-block-size=16777216"
    "memorysetup-gfx-thread-allocator-block-size=16777216"
    "memorysetup-cache-allocator-block-size=4194304"
    "memorysetup-typetree-allocator-block-size=2097152"
    "memorysetup-profiler-bucket-allocator-granularity=16"
    "memorysetup-profiler-bucket-allocator-bucket-count=8"
    "memorysetup-profiler-bucket-allocator-block-size=33554432"
    "memorysetup-profiler-bucket-allocator-block-count=8"
    "memorysetup-profiler-allocator-block-size=16777216"
    "memorysetup-profiler-editor-allocator-block-size=1048576"
    "memorysetup-temp-allocator-size-main=16777216"
    "memorysetup-job-temp-allocator-block-size=2097152"
    "memorysetup-job-temp-allocator-block-size-background=1048576"
    "memorysetup-job-temp-allocator-reduction-small-platforms=262144"
    "memorysetup-temp-allocator-size-background-worker=32768"
    "memorysetup-temp-allocator-size-job-worker=262144"
    "memorysetup-temp-allocator-size-preload-manager=33554432"
    "memorysetup-temp-allocator-size-nav-mesh-worker=65536"
    "memorysetup-temp-allocator-size-audio-worker=65536"
    "memorysetup-temp-allocator-size-cloud-worker=32768"
    "memorysetup-temp-allocator-size-gi-baking-worker=262144"
    "memorysetup-temp-allocator-size-gfx=262144"
Refreshing native plugins compatible for Editor in 225.32 ms, found 4 plugins.
Preloading 0 native plugins for Editor in 0.00 ms.
Initialize engine version: 2021.3.11f1 (0a5ca18544bf)
[Subsystems] Discovering subsystems at path D:/Program Files/Unity Hub/Unity Hub Editor/2021.3.11f1/Editor/Data/Resources/UnitySubsystems
[Subsystems] Discovering subsystems at path D:/MiddleAges/MiddleAges/Assets
GfxDevice: creating device client; threaded=0; jobified=0
Direct3D:
    Version:  Direct3D 11.0 [level 11.1]
    Renderer: NVIDIA GeForce MX330 (ID=0x1d16)
    Vendor:   NVIDIA
    VRAM:     1983 MB
    Driver:   30.0.15.1272
Initialize mono
Mono path[0] = 'D:/Program Files/Unity Hub/Unity Hub Editor/2021.3.11f1/Editor/Data/Managed'
Mono path[1] = 'D:/Program Files/Unity Hub/Unity Hub Editor/2021.3.11f1/Editor/Data/MonoBleedingEdge/lib/mono/unityjit-win32'
Mono config path = 'D:/Program Files/Unity Hub/Unity Hub Editor/2021.3.11f1/Editor/Data/MonoBleedingEdge/etc'
Using monoOptions --debugger-agent=transport=dt_socket,embedding=1,server=y,suspend=n,address=127.0.0.1:56364
Begin MonoManager ReloadAssembly
Registering precompiled unity dll's ...
Register platform support module: D:/Program Files/Unity Hub/Unity Hub Editor/2021.3.11f1/Editor/Data/PlaybackEngines/WebGLSupport/UnityEditor.WebGL.Extensions.dll
Register platform support module: D:/Program Files/Unity Hub/Unity Hub Editor/2021.3.11f1/Editor/Data/PlaybackEngines/WindowsStandaloneSupport/UnityEditor.WindowsStandalone.Extensions.dll
Registered in 0.005715 seconds.
Native extension for WindowsStandalone target not found
Native extension for WebGL target not found
Refreshing native plugins compatible for Editor in 168.54 ms, found 4 plugins.
Preloading 0 native plugins for Editor in 0.00 ms.
Mono: successfully reloaded assembly
- Completed reload, in  1.184 seconds
Domain Reload Profiling:
	ReloadAssembly (1185ms)
		BeginReloadAssembly (126ms)
			ExecutionOrderSort (0ms)
			DisableScriptedObjects (0ms)
			BackupInstance (0ms)
			ReleaseScriptingObjects (0ms)
			CreateAndSetChildDomain (1ms)
		EndReloadAssembly (855ms)
			LoadAssemblies (125ms)
			RebuildTransferFunctionScriptingTraits (0ms)
			SetupTypeCache (215ms)
			ReleaseScriptCaches (0ms)
			RebuildScriptCaches (54ms)
			SetupLoadedEditorAssemblies (485ms)
				LogAssemblyErrors (0ms)
				InitializePlatformSupportModulesInManaged (12ms)
				SetLoadedEditorAssemblies (0ms)
				RefreshPlugins (169ms)
				BeforeProcessingInitializeOnLoad (2ms)
				ProcessInitializeOnLoadAttributes (226ms)
				ProcessInitializeOnLoadMethodAttributes (76ms)
				AfterProcessingInitializeOnLoad (0ms)
				EditorAssembliesLoaded (0ms)
			ExecutionOrderSort2 (0ms)
			AwakeInstancesAfterBackupRestoration (0ms)
Platform modules already initialized, skipping
Registering precompiled user dll's ...
Registered in 0.016687 seconds.
Begin MonoManager ReloadAssembly
Symbol file LoadedFromMemory doesn't match image D:\MiddleAges\MiddleAges\Library\PackageCache\com.unity.visualscripting@1.7.8\Editor\VisualScripting.Core\Dependencies\YamlDotNet\Unity.VisualScripting.YamlDotNet.dll
Symbol file LoadedFromMemory doesn't match image D:\MiddleAges\MiddleAges\Library\PackageCache\com.unity.visualscripting@1.7.8\Editor\VisualScripting.Core\Dependencies\DotNetZip\Unity.VisualScripting.IonicZip.dll
Native extension for WindowsStandalone target not found
Native extension for WebGL target not found
Refreshing native plugins compatible for Editor in 182.97 ms, found 4 plugins.
Preloading 0 native plugins for Editor in 0.00 ms.
Mono: successfully reloaded assembly
- Completed reload, in  2.143 seconds
Domain Reload Profiling:
	ReloadAssembly (2144ms)
		BeginReloadAssembly (170ms)
			ExecutionOrderSort (0ms)
			DisableScriptedObjects (18ms)
			BackupInstance (0ms)
			ReleaseScriptingObjects (0ms)
			CreateAndSetChildDomain (22ms)
		EndReloadAssembly (1743ms)
			LoadAssemblies (109ms)
			RebuildTransferFunctionScriptingTraits (0ms)
			SetupTypeCache (560ms)
			ReleaseScriptCaches (1ms)
			RebuildScriptCaches (139ms)
			SetupLoadedEditorAssemblies (847ms)
				LogAssemblyErrors (0ms)
				InitializePlatformSupportModulesInManaged (9ms)
				SetLoadedEditorAssemblies (0ms)
				RefreshPlugins (183ms)
				BeforeProcessingInitializeOnLoad (146ms)
				ProcessInitializeOnLoadAttributes (418ms)
				ProcessInitializeOnLoadMethodAttributes (83ms)
				AfterProcessingInitializeOnLoad (6ms)
				EditorAssembliesLoaded (0ms)
			ExecutionOrderSort2 (0ms)
			AwakeInstancesAfterBackupRestoration (10ms)
Platform modules already initialized, skipping
========================================================================
Worker process is ready to serve import requests
Launched and connected shader compiler UnityShaderCompiler.exe after 0.05 seconds
Refreshing native plugins compatible for Editor in 0.68 ms, found 4 plugins.
Preloading 0 native plugins for Editor in 0.00 ms.
Unloading 4069 Unused Serialized files (Serialized files now loaded: 0)
Unloading 44 unused Assets / (229.4 KB). Loaded Objects now: 4520.
Memory consumption went from 151.4 MB to 151.2 MB.
Total: 3.396100 ms (FindLiveObjects: 0.294900 ms CreateObjectMapping: 0.157900 ms MarkObjects: 2.778000 ms  DeleteObjects: 0.164300 ms)

AssetImportParameters requested are different than current active one (requested -> active):
  custom:video-decoder-ogg-theora: a1e56fd34408186e4bbccfd4996cb3dc -> 
  custom:container-muxer-webm: aa71ff27fc2769a1b78a27578f13a17b -> 
  custom:container-demuxer-webm: 4f35f7cbe854078d1ac9338744f61a02 -> 
  custom:video-encoder-webm-vp8: eb34c28f22e8b96e1ab97ce403110664 -> 
  custom:audio-encoder-webm-vorbis: bf7c407c2cedff20999df2af8eb42d56 -> 
  custom:framework-win-MediaFoundation: 216162199b28c13a410421893ffa2e32 -> 
  custom:container-demuxer-ogg: 62fdf1f143b41e24485cea50d1cbac27 -> 
  custom:video-decoder-webm-vp8: 9c59270c3fd7afecdb556c50c9e8de78 -> 
  custom:audio-decoder-ogg-vorbis: bf7c407c2cedff20999df2af8eb42d56 -> 
========================================================================
Received Import Request.
  Time since last request: 443929.928900 seconds.
  path: Assets/Animation/Player_Idle.anim
  artifactKey: Guid(91d862c43c63e3642aabfc6c0e555517) Importer(815301076,1909f56bfc062723c751e8b465ee728b)
Start importing Assets/Animation/Player_Idle.anim using Guid(91d862c43c63e3642aabfc6c0e555517) Importer(815301076,1909f56bfc062723c751e8b465ee728b)  -> (artifact id: '59bb419258d74956a7756822c34ed2a9') in 0.044706 seconds 
========================================================================
Received Import Request.
  Time since last request: 2318.387713 seconds.
  path: Assets/Cartoon_Texture_Pack/GRASS/GRASS_Dense/GRASS_Dense_Tint_01/Textures/Grass_Dense_Tint_01_Base_Basecolor_A.png
  artifactKey: Guid(819311b7a66a8f740b104cf9f9ffadf5) Importer(815301076,1909f56bfc062723c751e8b465ee728b)
Start importing Assets/Cartoon_Texture_Pack/GRASS/GRASS_Dense/GRASS_Dense_Tint_01/Textures/Grass_Dense_Tint_01_Base_Basecolor_A.png using Guid(819311b7a66a8f740b104cf9f9ffadf5) Importer(815301076,1909f56bfc062723c751e8b465ee728b)  -> (artifact id: 'eb9b53f159d6d1204af6505545f82dbf') in 0.127588 seconds 
========================================================================
Received Import Request.
  Time since last request: 0.000034 seconds.
  path: Assets/Cartoon_Texture_Pack/GRASS/GRASS_Dense/GRASS_Dense_Tint_01/Textures/Grass_Dense_Tint_01_Leaves_B_Height.png
  artifactKey: Guid(8342664333482734c81dc32fe1b316f0) Importer(815301076,1909f56bfc062723c751e8b465ee728b)
Start importing Assets/Cartoon_Texture_Pack/GRASS/GRASS_Dense/GRASS_Dense_Tint_01/Textures/Grass_Dense_Tint_01_Leaves_B_Height.png using Guid(8342664333482734c81dc32fe1b316f0) Importer(815301076,1909f56bfc062723c751e8b465ee728b)  -> (artifact id: 'e6dbe9fec1fd753471f10666d1951800') in 0.031382 seconds 
========================================================================
Received Import Request.
  Time since last request: 0.000038 seconds.
  path: Assets/Cartoon_Texture_Pack/GRASS/GRASS_Dense/GRASS_Dense_Tint_01/Textures/Grass_Dense_Tint_01_Leaves_A_Height.png
  artifactKey: Guid(1acd72c6baa7f814094ccf3696cab74a) Importer(815301076,1909f56bfc062723c751e8b465ee728b)
Start importing Assets/Cartoon_Texture_Pack/GRASS/GRASS_Dense/GRASS_Dense_Tint_01/Textures/Grass_Dense_Tint_01_Leaves_A_Height.png using Guid(1acd72c6baa7f814094ccf3696cab74a) Importer(815301076,1909f56bfc062723c751e8b465ee728b)  -> (artifact id: '1f9cc3b48c452ace7b63ee6c35c5ebad') in 0.021033 seconds 
========================================================================
Received Import Request.
  Time since last request: 0.000040 seconds.
  path: Assets/Cartoon_Texture_Pack/GRASS/GRASS_Dense/GRASS_Dense_Tint_01/Textures/Grass_Dense_Tint_01_Base_Normal.png
  artifactKey: Guid(8b6ec8cd3adbc7a45a52309309dff911) Importer(815301076,1909f56bfc062723c751e8b465ee728b)
Start importing Assets/Cartoon_Texture_Pack/GRASS/GRASS_Dense/GRASS_Dense_Tint_01/Textures/Grass_Dense_Tint_01_Base_Normal.png using Guid(8b6ec8cd3adbc7a45a52309309dff911) Importer(815301076,1909f56bfc062723c751e8b465ee728b)  -> (artifact id: 'dafdc8dccaccf67f97115c1fa59c1a50') in 0.088216 seconds 
========================================================================
Received Import Request.
  Time since last request: 0.000055 seconds.
  path: Assets/Cartoon_Texture_Pack/GRASS/GRASS_Dense/GRASS_Dense_Tint_01/Textures/Grass_Dense_Tint_01_Base_Metallic.png
  artifactKey: Guid(8e04de8547435554b8c484ffb2af8cab) Importer(815301076,1909f56bfc062723c751e8b465ee728b)
Start importing Assets/Cartoon_Texture_Pack/GRASS/GRASS_Dense/GRASS_Dense_Tint_01/Textures/Grass_Dense_Tint_01_Base_Metallic.png using Guid(8e04de8547435554b8c484ffb2af8cab) Importer(815301076,1909f56bfc062723c751e8b465ee728b)  -> (artifact id: '873efabde625d822d6cf297f4ea22a83') in 0.025513 seconds 
========================================================================
Received Import Request.
  Time since last request: 0.000051 seconds.
  path: Assets/Cartoon_Texture_Pack/GRASS/GRASS_Dense/GRASS_Dense_Tint_01/Textures/Grass_Dense_Tint_01_Leaves_A_Normal.png
  artifactKey: Guid(f857da3d8b701944baaf2af770407084) Importer(815301076,1909f56bfc062723c751e8b465ee728b)
Start importing Assets/Cartoon_Texture_Pack/GRASS/GRASS_Dense/GRASS_Dense_Tint_01/Textures/Grass_Dense_Tint_01_Leaves_A_Normal.png using Guid(f857da3d8b701944baaf2af770407084) Importer(815301076,1909f56bfc062723c751e8b465ee728b)  -> (artifact id: 'e3cf087522d49fcea616f0137defd6fb') in 0.033932 seconds 
========================================================================
Received Import Request.
  Time since last request: 0.000062 seconds.
  path: Assets/Cartoon_Texture_Pack/GRASS/GRASS_Dense/GRASS_Dense_Tint_01/Textures/Grass_Dense_Tint_01_Leaves_B_AO.png
  artifactKey: Guid(f7f1d2a9ada49584d83fd0238d35adb1) Importer(815301076,1909f56bfc062723c751e8b465ee728b)
Start importing Assets/Cartoon_Texture_Pack/GRASS/GRASS_Dense/GRASS_Dense_Tint_01/Textures/Grass_Dense_Tint_01_Leaves_B_AO.png using Guid(f7f1d2a9ada49584d83fd0238d35adb1) Importer(815301076,1909f56bfc062723c751e8b465ee728b)  -> (artifact id: '3bbe2852a1c53775aa879e726f6372fb') in 0.022468 seconds 
========================================================================
Received Import Request.
  Time since last request: 0.000056 seconds.
  path: Assets/Cartoon_Texture_Pack/GRASS/GRASS_Dense/GRASS_Dense_Tint_01/Textures/Grass_Dense_Tint_01_Base_Height.png
  artifactKey: Guid(37c1e9a27bd81b34394f21e47a60898d) Importer(815301076,1909f56bfc062723c751e8b465ee728b)
Start importing Assets/Cartoon_Texture_Pack/GRASS/GRASS_Dense/GRASS_Dense_Tint_01/Textures/Grass_Dense_Tint_01_Base_Height.png using Guid(37c1e9a27bd81b34394f21e47a60898d) Importer(815301076,1909f56bfc062723c751e8b465ee728b)  -> (artifact id: '0f1228d2059c4d14df43a29e66cb9b1a') in 0.020338 seconds 
========================================================================
Received Import Request.
  Time since last request: 310.394861 seconds.
  path: Assets/Cartoon_Texture_Pack/GRASS/GRASS_Dense/GRASS_Dense_Tint_01/Materials/Grass_Dense_Tint_01_Base_B.mat
  artifactKey: Guid(7cdafb159eb941a45ac8fb89a05295a9) Importer(815301076,1909f56bfc062723c751e8b465ee728b)
Start importing Assets/Cartoon_Texture_Pack/GRASS/GRASS_Dense/GRASS_Dense_Tint_01/Materials/Grass_Dense_Tint_01_Base_B.mat using Guid(7cdafb159eb941a45ac8fb89a05295a9) Importer(815301076,1909f56bfc062723c751e8b465ee728b)  -> (artifact id: '1e41539a2f4a0c082a517ba62b8ec99c') in 0.634157 seconds 
========================================================================
Received Import Request.
  Time since last request: 0.000032 seconds.
  path: Assets/Cartoon_Texture_Pack/GRASS/GRASS_Dense/GRASS_Dense_Tint_01/Materials/Grass_Dense_Tint_01_Leaves_B.mat
  artifactKey: Guid(1840c20d50626ce4ab8618ff839493c5) Importer(815301076,1909f56bfc062723c751e8b465ee728b)
Start importing Assets/Cartoon_Texture_Pack/GRASS/GRASS_Dense/GRASS_Dense_Tint_01/Materials/Grass_Dense_Tint_01_Leaves_B.mat using Guid(1840c20d50626ce4ab8618ff839493c5) Importer(815301076,1909f56bfc062723c751e8b465ee728b)  -> (artifact id: '422aeabedda31c3f7defb376de500958') in 0.066171 seconds 
========================================================================
Received Import Request.
  Time since last request: 0.000030 seconds.
  path: Assets/Cartoon_Texture_Pack/GRASS/GRASS_Dense/GRASS_Dense_Tint_01/Materials/Grass_Dense_Tint_01_Base_C.mat
  artifactKey: Guid(19daeccbc664d8141990dd03570ee008) Importer(815301076,1909f56bfc062723c751e8b465ee728b)
Start importing Assets/Cartoon_Texture_Pack/GRASS/GRASS_Dense/GRASS_Dense_Tint_01/Materials/Grass_Dense_Tint_01_Base_C.mat using Guid(19daeccbc664d8141990dd03570ee008) Importer(815301076,1909f56bfc062723c751e8b465ee728b)  -> (artifact id: 'c80fbc69443c3074a420ab3c9811f9a9') in 0.046932 seconds 
========================================================================
Received Import Request.
  Time since last request: 170.069646 seconds.
  path: Assets/Cartoon_Texture_Pack/DIRT/Dirt_Path/Textures/Dirt_Path_Basecolor.png
  artifactKey: Guid(c2e975e8a074dff45aee75e580a54344) Importer(815301076,1909f56bfc062723c751e8b465ee728b)
Start importing Assets/Cartoon_Texture_Pack/DIRT/Dirt_Path/Textures/Dirt_Path_Basecolor.png using Guid(c2e975e8a074dff45aee75e580a54344) Importer(815301076,1909f56bfc062723c751e8b465ee728b)  -> (artifact id: '561ed61662917f8daf83d517f44f0705') in 0.028528 seconds 
========================================================================
Received Import Request.
  Time since last request: 0.000037 seconds.
  path: Assets/Cartoon_Texture_Pack/DIRT/Dirt_Path/Textures/Dirt_Path_Normal.png
  artifactKey: Guid(48c3f9bf0c6c95b4e8a00c6b9a8162be) Importer(815301076,1909f56bfc062723c751e8b465ee728b)
Start importing Assets/Cartoon_Texture_Pack/DIRT/Dirt_Path/Textures/Dirt_Path_Normal.png using Guid(48c3f9bf0c6c95b4e8a00c6b9a8162be) Importer(815301076,1909f56bfc062723c751e8b465ee728b)  -> (artifact id: '897be6b18d1058c85c281127a12c678d') in 0.024515 seconds 
========================================================================
Received Import Request.
  Time since last request: 8.258618 seconds.
  path: Assets/Cartoon_Texture_Pack/SAND/SAND_Beach/Materials/Sand_Beach_Shell.mat
  artifactKey: Guid(8f1ad6ca6c806374eb625b775345bb99) Importer(815301076,1909f56bfc062723c751e8b465ee728b)
Start importing Assets/Cartoon_Texture_Pack/SAND/SAND_Beach/Materials/Sand_Beach_Shell.mat using Guid(8f1ad6ca6c806374eb625b775345bb99) Importer(815301076,1909f56bfc062723c751e8b465ee728b)  -> (artifact id: 'd01626fb03605545e0bb9f78f5b25e75') in 0.081468 seconds 
========================================================================
Received Import Request.
  Time since last request: 2.551673 seconds.
  path: Assets/Cartoon_Texture_Pack/SAND/SAND_Beach/Textures/Sand_Beach_Base_Basecolor.png
  artifactKey: Guid(5c38e2edb8ae412468d3186b2e38caf1) Importer(815301076,1909f56bfc062723c751e8b465ee728b)
Start importing Assets/Cartoon_Texture_Pack/SAND/SAND_Beach/Textures/Sand_Beach_Base_Basecolor.png using Guid(5c38e2edb8ae412468d3186b2e38caf1) Importer(815301076,1909f56bfc062723c751e8b465ee728b)  -> (artifact id: '9bef9159242a55cec0091abc9d331a91') in 0.019824 seconds 
========================================================================
Received Import Request.
  Time since last request: 0.000030 seconds.
  path: Assets/Cartoon_Texture_Pack/SAND/SAND_Beach/Textures/Sand_Beach_Shell_Basecolor.png
  artifactKey: Guid(cdaa0c60fdc92ed47af5eb4257f20c89) Importer(815301076,1909f56bfc062723c751e8b465ee728b)
Start importing Assets/Cartoon_Texture_Pack/SAND/SAND_Beach/Textures/Sand_Beach_Shell_Basecolor.png using Guid(cdaa0c60fdc92ed47af5eb4257f20c89) Importer(815301076,1909f56bfc062723c751e8b465ee728b)  -> (artifact id: '774afd930d79ab7e354fa9e47b669e44') in 0.026718 seconds 
========================================================================
Received Import Request.
  Time since last request: 0.000034 seconds.
  path: Assets/Cartoon_Texture_Pack/SAND/SAND_Beach/Textures/Sand_Beach_Base_Metallic.png
  artifactKey: Guid(164cdba750466df4dbaa35a21d706118) Importer(815301076,1909f56bfc062723c751e8b465ee728b)
Start importing Assets/Cartoon_Texture_Pack/SAND/SAND_Beach/Textures/Sand_Beach_Base_Metallic.png using Guid(164cdba750466df4dbaa35a21d706118) Importer(815301076,1909f56bfc062723c751e8b465ee728b)  -> (artifact id: '19080ac27aabd3cf5bbe853a31b4e561') in 0.029711 seconds 
========================================================================
Received Import Request.
  Time since last request: 0.000034 seconds.
  path: Assets/Cartoon_Texture_Pack/SAND/SAND_Beach/Textures/Sand_Beach_Shell_Height.png
  artifactKey: Guid(c213cd61fd440534abb37e89c30a459c) Importer(815301076,1909f56bfc062723c751e8b465ee728b)
Start importing Assets/Cartoon_Texture_Pack/SAND/SAND_Beach/Textures/Sand_Beach_Shell_Height.png using Guid(c213cd61fd440534abb37e89c30a459c) Importer(815301076,1909f56bfc062723c751e8b465ee728b)  -> (artifact id: '83b063f18b43b192ae02c58f271c912f') in 0.023482 seconds 
========================================================================
Received Import Request.
  Time since last request: 0.000052 seconds.
  path: Assets/Cartoon_Texture_Pack/SAND/SAND_Beach/Textures/Sand_Beach_Shell_Metallic.png
  artifactKey: Guid(d206916a8cdfb8048bc852e3f2781401) Importer(815301076,1909f56bfc062723c751e8b465ee728b)
Start importing Assets/Cartoon_Texture_Pack/SAND/SAND_Beach/Textures/Sand_Beach_Shell_Metallic.png using Guid(d206916a8cdfb8048bc852e3f2781401) Importer(815301076,1909f56bfc062723c751e8b465ee728b)  -> (artifact id: 'cc39336eb13127850d20dae9c195dea2') in 0.021778 seconds 
========================================================================
Received Import Request.
  Time since last request: 226.910400 seconds.
  path: Assets/Cartoon_Texture_Pack/ROOF/ROOF_Hay/Textures/Roof_Hay_Basecolor.png
  artifactKey: Guid(542840ef7c5c42c46a0fe3c49b7cc5ad) Importer(815301076,1909f56bfc062723c751e8b465ee728b)
Start importing Assets/Cartoon_Texture_Pack/ROOF/ROOF_Hay/Textures/Roof_Hay_Basecolor.png using Guid(542840ef7c5c42c46a0fe3c49b7cc5ad) Importer(815301076,1909f56bfc062723c751e8b465ee728b)  -> (artifact id: '64744fea3abc1d14ad3cd369077ad0be') in 0.028709 seconds 
========================================================================
Received Import Request.
  Time since last request: 0.000048 seconds.
  path: Assets/Cartoon_Texture_Pack/ROOF/ROOF_Hay/Textures/UnderRoof_Hay_Basecolor.png
  artifactKey: Guid(a2957db8ba4d22149b85d4f75c3ab881) Importer(815301076,1909f56bfc062723c751e8b465ee728b)
Start importing Assets/Cartoon_Texture_Pack/ROOF/ROOF_Hay/Textures/UnderRoof_Hay_Basecolor.png using Guid(a2957db8ba4d22149b85d4f75c3ab881) Importer(815301076,1909f56bfc062723c751e8b465ee728b)  -> (artifact id: 'db2e652883a3721227557f8bfb80c0dc') in 0.032179 seconds 
========================================================================
Received Import Request.
  Time since last request: 0.000044 seconds.
  path: Assets/Cartoon_Texture_Pack/ROOF/ROOF_Hay/Textures/Roof_Hay_Height.png
  artifactKey: Guid(dfdafc2a7e29f4045abb5b53632d3e70) Importer(815301076,1909f56bfc062723c751e8b465ee728b)
Start importing Assets/Cartoon_Texture_Pack/ROOF/ROOF_Hay/Textures/Roof_Hay_Height.png using Guid(dfdafc2a7e29f4045abb5b53632d3e70) Importer(815301076,1909f56bfc062723c751e8b465ee728b)  -> (artifact id: '5517b6469124bfb7602db6621854e7bf') in 0.026245 seconds 
========================================================================
Received Import Request.
  Time since last request: 0.000040 seconds.
  path: Assets/Cartoon_Texture_Pack/ROOF/ROOF_Hay/Textures/Roof_Hay_Metallic.png
  artifactKey: Guid(96d42bf1dc034de40bff3429b1e76cae) Importer(815301076,1909f56bfc062723c751e8b465ee728b)
Start importing Assets/Cartoon_Texture_Pack/ROOF/ROOF_Hay/Textures/Roof_Hay_Metallic.png using Guid(96d42bf1dc034de40bff3429b1e76cae) Importer(815301076,1909f56bfc062723c751e8b465ee728b)  -> (artifact id: '7a2326be98de149cdd258d0cfec9e542') in 0.025784 seconds 
========================================================================
Received Import Request.
  Time since last request: 0.000031 seconds.
  path: Assets/Cartoon_Texture_Pack/ROOF/ROOF_Hay/Textures/Roof_Hay_Normal.png
  artifactKey: Guid(d2e055fe3522cdc458673c9d92a7bbfc) Importer(815301076,1909f56bfc062723c751e8b465ee728b)
Start importing Assets/Cartoon_Texture_Pack/ROOF/ROOF_Hay/Textures/Roof_Hay_Normal.png using Guid(d2e055fe3522cdc458673c9d92a7bbfc) Importer(815301076,1909f56bfc062723c751e8b465ee728b)  -> (artifact id: '6416931c395294bbc524c8ab5debf9de') in 0.026342 seconds 
========================================================================
Received Import Request.
  Time since last request: 8.352141 seconds.
  path: Assets/Cartoon_Texture_Pack/ROOF/ROOF_SquareTile_Flat/Textures/Roof_SquareTile_Flat_Basecolor_A.png
  artifactKey: Guid(165c768eb22cbd04baecc245b89d3121) Importer(815301076,1909f56bfc062723c751e8b465ee728b)
Start importing Assets/Cartoon_Texture_Pack/ROOF/ROOF_SquareTile_Flat/Textures/Roof_SquareTile_Flat_Basecolor_A.png using Guid(165c768eb22cbd04baecc245b89d3121) Importer(815301076,1909f56bfc062723c751e8b465ee728b)  -> (artifact id: '67dd3d6643175667b44bceea7394f6bc') in 0.025222 seconds 
========================================================================
Received Import Request.
  Time since last request: 0.000039 seconds.
  path: Assets/Cartoon_Texture_Pack/ROOF/ROOF_SquareTile_Flat/Textures/UnderRoof_SquareTile_Flat_Basecolor_C.png
  artifactKey: Guid(5f241bce8fcc0714bb02fe938e439f78) Importer(815301076,1909f56bfc062723c751e8b465ee728b)
Start importing Assets/Cartoon_Texture_Pack/ROOF/ROOF_SquareTile_Flat/Textures/UnderRoof_SquareTile_Flat_Basecolor_C.png using Guid(5f241bce8fcc0714bb02fe938e439f78) Importer(815301076,1909f56bfc062723c751e8b465ee728b)  -> (artifact id: '1f282e38289cba7c3c480b37d5b142b6') in 0.028157 seconds 
========================================================================
Received Import Request.
  Time since last request: 0.000047 seconds.
  path: Assets/Cartoon_Texture_Pack/ROOF/ROOF_SquareTile_Flat/Textures/Roof_SquareTile_Flat_Normal.png
  artifactKey: Guid(b79e55baabc9c1348b306299f4570493) Importer(815301076,1909f56bfc062723c751e8b465ee728b)
Start importing Assets/Cartoon_Texture_Pack/ROOF/ROOF_SquareTile_Flat/Textures/Roof_SquareTile_Flat_Normal.png using Guid(b79e55baabc9c1348b306299f4570493) Importer(815301076,1909f56bfc062723c751e8b465ee728b)  -> (artifact id: 'e783e292177d28083b54803acffabbd6') in 0.028169 seconds 
========================================================================
Received Import Request.
  Time since last request: 0.000032 seconds.
  path: Assets/Cartoon_Texture_Pack/ROOF/ROOF_SquareTile_Flat/Textures/UnderRoof_SquareTile_Flat_Normal.png
  artifactKey: Guid(af8d01f60d99afd4e831ce2b755a0934) Importer(815301076,1909f56bfc062723c751e8b465ee728b)
Start importing Assets/Cartoon_Texture_Pack/ROOF/ROOF_SquareTile_Flat/Textures/UnderRoof_SquareTile_Flat_Normal.png using Guid(af8d01f60d99afd4e831ce2b755a0934) Importer(815301076,1909f56bfc062723c751e8b465ee728b)  -> (artifact id: 'e72297d8d23186c32d615dd2a2dff356') in 0.031736 seconds 
========================================================================
Received Import Request.
  Time since last request: 0.000028 seconds.
  path: Assets/Cartoon_Texture_Pack/ROOF/ROOF_SquareTile_Flat/Textures/Roof_SquareTile_Flat_Height.png
  artifactKey: Guid(dc0dde192bdff56498c64e6352b66e1e) Importer(815301076,1909f56bfc062723c751e8b465ee728b)
Start importing Assets/Cartoon_Texture_Pack/ROOF/ROOF_SquareTile_Flat/Textures/Roof_SquareTile_Flat_Height.png using Guid(dc0dde192bdff56498c64e6352b66e1e) Importer(815301076,1909f56bfc062723c751e8b465ee728b)  -> (artifact id: '5c8e79624e8e252580c23f3cf82e4226') in 0.023197 seconds 
========================================================================
Received Import Request.
  Time since last request: 0.000028 seconds.
  path: Assets/Cartoon_Texture_Pack/ROOF/ROOF_SquareTile_Flat/Textures/UnderRoof_SquareTile_Flat_Height.png
  artifactKey: Guid(80bd86b80cb2b17409ac2c0ad4cff289) Importer(815301076,1909f56bfc062723c751e8b465ee728b)
Start importing Assets/Cartoon_Texture_Pack/ROOF/ROOF_SquareTile_Flat/Textures/UnderRoof_SquareTile_Flat_Height.png using Guid(80bd86b80cb2b17409ac2c0ad4cff289) Importer(815301076,1909f56bfc062723c751e8b465ee728b)  -> (artifact id: 'cf357918182be8062ef218fd65a30ae0') in 0.025376 seconds 
========================================================================
Received Import Request.
  Time since last request: 0.000039 seconds.
  path: Assets/Cartoon_Texture_Pack/ROOF/ROOF_SquareTile_Flat/Textures/Roof_SquareTile_Flat_Basecolor_B.png
  artifactKey: Guid(49511ffb2d76db440a4011308f286b06) Importer(815301076,1909f56bfc062723c751e8b465ee728b)
Start importing Assets/Cartoon_Texture_Pack/ROOF/ROOF_SquareTile_Flat/Textures/Roof_SquareTile_Flat_Basecolor_B.png using Guid(49511ffb2d76db440a4011308f286b06) Importer(815301076,1909f56bfc062723c751e8b465ee728b)  -> (artifact id: 'fa8e196593bfdc835a8af785ea2383e7') in 0.026098 seconds 
========================================================================
Received Import Request.
  Time since last request: 0.000038 seconds.
  path: Assets/Cartoon_Texture_Pack/ROOF/ROOF_SquareTile_Flat/Textures/UnderRoof_SquareTile_Flat_Metallic.png
  artifactKey: Guid(785370e91acdf5041a0aeda8d9fdb4c9) Importer(815301076,1909f56bfc062723c751e8b465ee728b)
Start importing Assets/Cartoon_Texture_Pack/ROOF/ROOF_SquareTile_Flat/Textures/UnderRoof_SquareTile_Flat_Metallic.png using Guid(785370e91acdf5041a0aeda8d9fdb4c9) Importer(815301076,1909f56bfc062723c751e8b465ee728b)  -> (artifact id: 'd36097db4fc60c70e1b9307f9837dd58') in 0.028039 seconds 
========================================================================
Received Import Request.
  Time since last request: 22.979175 seconds.
  path: Assets/Cartoon_Texture_Pack/WALLS/WALL_Bricks/Textures/Wall_Brick_Basecolor_A.png
  artifactKey: Guid(ccb9111526e1c13468f02b1c03776777) Importer(815301076,1909f56bfc062723c751e8b465ee728b)
Start importing Assets/Cartoon_Texture_Pack/WALLS/WALL_Bricks/Textures/Wall_Brick_Basecolor_A.png using Guid(ccb9111526e1c13468f02b1c03776777) Importer(815301076,1909f56bfc062723c751e8b465ee728b)  -> (artifact id: 'e3cec8d13d698c3875917a007e9a8d5c') in 0.042541 seconds 
========================================================================
Received Import Request.
  Time since last request: 0.000029 seconds.
  path: Assets/Cartoon_Texture_Pack/WALLS/WALL_Bricks/Textures/Wall_Brick_Basecolor_B.png
  artifactKey: Guid(d2658fabe40d01649abca44ef7aa1a61) Importer(815301076,1909f56bfc062723c751e8b465ee728b)
Start importing Assets/Cartoon_Texture_Pack/WALLS/WALL_Bricks/Textures/Wall_Brick_Basecolor_B.png using Guid(d2658fabe40d01649abca44ef7aa1a61) Importer(815301076,1909f56bfc062723c751e8b465ee728b)  -> (artifact id: '3f6692d57c669b2358d24972b12a4baf') in 0.026870 seconds 
========================================================================
Received Import Request.
  Time since last request: 0.000057 seconds.
  path: Assets/Cartoon_Texture_Pack/WALLS/WALL_Bricks/Textures/Wall_Brick_Basecolor_D.png
  artifactKey: Guid(8bd9f047100a82c4cb50b4ae49bbc86c) Importer(815301076,1909f56bfc062723c751e8b465ee728b)
Start importing Assets/Cartoon_Texture_Pack/WALLS/WALL_Bricks/Textures/Wall_Brick_Basecolor_D.png using Guid(8bd9f047100a82c4cb50b4ae49bbc86c) Importer(815301076,1909f56bfc062723c751e8b465ee728b)  -> (artifact id: 'ba9f59bea309c7794dc3f5a12b8d662d') in 0.033576 seconds 
========================================================================
Received Import Request.
  Time since last request: 0.000067 seconds.
  path: Assets/Cartoon_Texture_Pack/WALLS/WALL_Bricks/Textures/Wall_Brick_Basecolor_C.png
  artifactKey: Guid(52b99d64baa59234e83d32cd8818704e) Importer(815301076,1909f56bfc062723c751e8b465ee728b)
Start importing Assets/Cartoon_Texture_Pack/WALLS/WALL_Bricks/Textures/Wall_Brick_Basecolor_C.png using Guid(52b99d64baa59234e83d32cd8818704e) Importer(815301076,1909f56bfc062723c751e8b465ee728b)  -> (artifact id: '0ab56a37be6d88ad85e299c85ceae4a0') in 0.029235 seconds 
