Using pre-set license
Built from '2021.3/staging' branch; Version is '2021.3.11f1 (0a5ca18544bf) revision 679073'; Using compiler version '192829333'; Build Type 'Release'
OS: 'Windows 10  (10.0.19044) 64bit Enterprise' Language: 'ru' Physical Memory: 16151 MB
BatchMode: 1, IsHumanControllingUs: 0, StartBugReporterOnCrash: 0, Is64bit: 1, IsPro: 1

COMMAND LINE ARGUMENTS:
D:\Program Files\Unity Hub\Unity Hub Editor\2021.3.11f1\Editor\Unity.exe
-adb2
-batchMode
-noUpm
-name
AssetImportWorker0
-projectPath
D:/MiddleAges/MiddleAges
-logFile
Logs/AssetImportWorker0.log
-srvPort
60722
Successfully changed project path to: D:/MiddleAges/MiddleAges
D:/MiddleAges/MiddleAges
[UnityMemory] Configuration Parameters - Can be set up in boot.config
    "memorysetup-bucket-allocator-granularity=16"
    "memorysetup-bucket-allocator-bucket-count=8"
    "memorysetup-bucket-allocator-block-size=33554432"
    "memorysetup-bucket-allocator-block-count=8"
    "memorysetup-main-allocator-block-size=16777216"
    "memorysetup-thread-allocator-block-size=16777216"
    "memorysetup-gfx-main-allocator-block-size=16777216"
    "memorysetup-gfx-thread-allocator-block-size=16777216"
    "memorysetup-cache-allocator-block-size=4194304"
    "memorysetup-typetree-allocator-block-size=2097152"
    "memorysetup-profiler-bucket-allocator-granularity=16"
    "memorysetup-profiler-bucket-allocator-bucket-count=8"
    "memorysetup-profiler-bucket-allocator-block-size=33554432"
    "memorysetup-profiler-bucket-allocator-block-count=8"
    "memorysetup-profiler-allocator-block-size=16777216"
    "memorysetup-profiler-editor-allocator-block-size=1048576"
    "memorysetup-temp-allocator-size-main=16777216"
    "memorysetup-job-temp-allocator-block-size=2097152"
    "memorysetup-job-temp-allocator-block-size-background=1048576"
    "memorysetup-job-temp-allocator-reduction-small-platforms=262144"
    "memorysetup-temp-allocator-size-background-worker=32768"
    "memorysetup-temp-allocator-size-job-worker=262144"
    "memorysetup-temp-allocator-size-preload-manager=33554432"
    "memorysetup-temp-allocator-size-nav-mesh-worker=65536"
    "memorysetup-temp-allocator-size-audio-worker=65536"
    "memorysetup-temp-allocator-size-cloud-worker=32768"
    "memorysetup-temp-allocator-size-gi-baking-worker=262144"
    "memorysetup-temp-allocator-size-gfx=262144"
Refreshing native plugins compatible for Editor in 165.27 ms, found 4 plugins.
Preloading 0 native plugins for Editor in 0.00 ms.
Initialize engine version: 2021.3.11f1 (0a5ca18544bf)
[Subsystems] Discovering subsystems at path D:/Program Files/Unity Hub/Unity Hub Editor/2021.3.11f1/Editor/Data/Resources/UnitySubsystems
[Subsystems] Discovering subsystems at path D:/MiddleAges/MiddleAges/Assets
GfxDevice: creating device client; threaded=0; jobified=0
Direct3D:
    Version:  Direct3D 11.0 [level 11.1]
    Renderer: NVIDIA GeForce MX330 (ID=0x1d16)
    Vendor:   NVIDIA
    VRAM:     1983 MB
    Driver:   30.0.15.1272
Initialize mono
Mono path[0] = 'D:/Program Files/Unity Hub/Unity Hub Editor/2021.3.11f1/Editor/Data/Managed'
Mono path[1] = 'D:/Program Files/Unity Hub/Unity Hub Editor/2021.3.11f1/Editor/Data/MonoBleedingEdge/lib/mono/unityjit-win32'
Mono config path = 'D:/Program Files/Unity Hub/Unity Hub Editor/2021.3.11f1/Editor/Data/MonoBleedingEdge/etc'
Using monoOptions --debugger-agent=transport=dt_socket,embedding=1,server=y,suspend=n,address=127.0.0.1:56852
Begin MonoManager ReloadAssembly
Registering precompiled unity dll's ...
Register platform support module: D:/Program Files/Unity Hub/Unity Hub Editor/2021.3.11f1/Editor/Data/PlaybackEngines/WebGLSupport/UnityEditor.WebGL.Extensions.dll
Register platform support module: D:/Program Files/Unity Hub/Unity Hub Editor/2021.3.11f1/Editor/Data/PlaybackEngines/WindowsStandaloneSupport/UnityEditor.WindowsStandalone.Extensions.dll
Registered in 0.005402 seconds.
Native extension for WindowsStandalone target not found
Native extension for WebGL target not found
Refreshing native plugins compatible for Editor in 164.17 ms, found 4 plugins.
Preloading 0 native plugins for Editor in 0.00 ms.
Mono: successfully reloaded assembly
- Completed reload, in  1.207 seconds
Domain Reload Profiling:
	ReloadAssembly (1208ms)
		BeginReloadAssembly (104ms)
			ExecutionOrderSort (0ms)
			DisableScriptedObjects (0ms)
			BackupInstance (0ms)
			ReleaseScriptingObjects (0ms)
			CreateAndSetChildDomain (1ms)
		EndReloadAssembly (875ms)
			LoadAssemblies (103ms)
			RebuildTransferFunctionScriptingTraits (0ms)
			SetupTypeCache (241ms)
			ReleaseScriptCaches (0ms)
			RebuildScriptCaches (62ms)
			SetupLoadedEditorAssemblies (473ms)
				LogAssemblyErrors (0ms)
				InitializePlatformSupportModulesInManaged (12ms)
				SetLoadedEditorAssemblies (0ms)
				RefreshPlugins (164ms)
				BeforeProcessingInitializeOnLoad (2ms)
				ProcessInitializeOnLoadAttributes (220ms)
				ProcessInitializeOnLoadMethodAttributes (74ms)
				AfterProcessingInitializeOnLoad (0ms)
				EditorAssembliesLoaded (0ms)
			ExecutionOrderSort2 (0ms)
			AwakeInstancesAfterBackupRestoration (0ms)
Platform modules already initialized, skipping
Registering precompiled user dll's ...
Registered in 0.008197 seconds.
Begin MonoManager ReloadAssembly
Symbol file LoadedFromMemory doesn't match image D:\MiddleAges\MiddleAges\Library\PackageCache\com.unity.visualscripting@1.7.8\Editor\VisualScripting.Core\Dependencies\YamlDotNet\Unity.VisualScripting.YamlDotNet.dll
Symbol file LoadedFromMemory doesn't match image D:\MiddleAges\MiddleAges\Library\PackageCache\com.unity.visualscripting@1.7.8\Editor\VisualScripting.Core\Dependencies\DotNetZip\Unity.VisualScripting.IonicZip.dll
Native extension for WindowsStandalone target not found
Native extension for WebGL target not found
Refreshing native plugins compatible for Editor in 172.24 ms, found 4 plugins.
Preloading 0 native plugins for Editor in 0.00 ms.
Mono: successfully reloaded assembly
- Completed reload, in  2.123 seconds
Domain Reload Profiling:
	ReloadAssembly (2124ms)
		BeginReloadAssembly (154ms)
			ExecutionOrderSort (0ms)
			DisableScriptedObjects (18ms)
			BackupInstance (0ms)
			ReleaseScriptingObjects (0ms)
			CreateAndSetChildDomain (24ms)
		EndReloadAssembly (1747ms)
			LoadAssemblies (93ms)
			RebuildTransferFunctionScriptingTraits (0ms)
			SetupTypeCache (555ms)
			ReleaseScriptCaches (1ms)
			RebuildScriptCaches (126ms)
			SetupLoadedEditorAssemblies (859ms)
				LogAssemblyErrors (0ms)
				InitializePlatformSupportModulesInManaged (13ms)
				SetLoadedEditorAssemblies (0ms)
				RefreshPlugins (172ms)
				BeforeProcessingInitializeOnLoad (158ms)
				ProcessInitializeOnLoadAttributes (428ms)
				ProcessInitializeOnLoadMethodAttributes (81ms)
				AfterProcessingInitializeOnLoad (5ms)
				EditorAssembliesLoaded (0ms)
			ExecutionOrderSort2 (0ms)
			AwakeInstancesAfterBackupRestoration (10ms)
Platform modules already initialized, skipping
========================================================================
Worker process is ready to serve import requests
Launched and connected shader compiler UnityShaderCompiler.exe after 0.06 seconds
Refreshing native plugins compatible for Editor in 0.75 ms, found 4 plugins.
Preloading 0 native plugins for Editor in 0.00 ms.
Unloading 4069 Unused Serialized files (Serialized files now loaded: 0)
Unloading 44 unused Assets / (229.4 KB). Loaded Objects now: 4520.
Memory consumption went from 151.4 MB to 151.2 MB.
Total: 2.877400 ms (FindLiveObjects: 0.254100 ms CreateObjectMapping: 0.152600 ms MarkObjects: 2.304800 ms  DeleteObjects: 0.164500 ms)

AssetImportParameters requested are different than current active one (requested -> active):
  custom:video-decoder-ogg-theora: a1e56fd34408186e4bbccfd4996cb3dc -> 
  custom:container-muxer-webm: aa71ff27fc2769a1b78a27578f13a17b -> 
  custom:container-demuxer-webm: 4f35f7cbe854078d1ac9338744f61a02 -> 
  custom:video-encoder-webm-vp8: eb34c28f22e8b96e1ab97ce403110664 -> 
  custom:audio-encoder-webm-vorbis: bf7c407c2cedff20999df2af8eb42d56 -> 
  custom:framework-win-MediaFoundation: 216162199b28c13a410421893ffa2e32 -> 
  custom:container-demuxer-ogg: 62fdf1f143b41e24485cea50d1cbac27 -> 
  custom:video-decoder-webm-vp8: 9c59270c3fd7afecdb556c50c9e8de78 -> 
  custom:audio-decoder-ogg-vorbis: bf7c407c2cedff20999df2af8eb42d56 -> 
========================================================================
Received Import Request.
  Time since last request: 443929.920132 seconds.
  path: Assets/Animation/Player_Walk_Left.anim
  artifactKey: Guid(305deb68de458324f93ce5490de4c982) Importer(815301076,1909f56bfc062723c751e8b465ee728b)
Start importing Assets/Animation/Player_Walk_Left.anim using Guid(305deb68de458324f93ce5490de4c982) Importer(815301076,1909f56bfc062723c751e8b465ee728b)  -> (artifact id: '9afc35d73afa1965d89e7806c2ce49a9') in 0.044759 seconds 
========================================================================
Received Import Request.
  Time since last request: 2312.700189 seconds.
  path: Assets/Cartoon_Texture_Pack/GRASS
  artifactKey: Guid(7678495fd012edc439fb5528125d6c99) Importer(815301076,1909f56bfc062723c751e8b465ee728b)
Start importing Assets/Cartoon_Texture_Pack/GRASS using Guid(7678495fd012edc439fb5528125d6c99) Importer(815301076,1909f56bfc062723c751e8b465ee728b)  -> (artifact id: '66e56a182f82ce2920d0e37f2f922563') in 0.011530 seconds 
========================================================================
Received Import Request.
  Time since last request: 2.582769 seconds.
  path: Assets/Cartoon_Texture_Pack/GRASS/GRASS_Dense
  artifactKey: Guid(c59516d0dd3db7945867e5751f80f3b2) Importer(815301076,1909f56bfc062723c751e8b465ee728b)
Start importing Assets/Cartoon_Texture_Pack/GRASS/GRASS_Dense using Guid(c59516d0dd3db7945867e5751f80f3b2) Importer(815301076,1909f56bfc062723c751e8b465ee728b)  -> (artifact id: '895c2344514636c2725a0cafb654dd09') in 0.006222 seconds 
========================================================================
Received Import Request.
  Time since last request: 1.260842 seconds.
  path: Assets/Cartoon_Texture_Pack/GRASS/GRASS_Dense/GRASS_Dense_Tint_01
  artifactKey: Guid(1eca2105b44efc5478cc82a1176c4e58) Importer(815301076,1909f56bfc062723c751e8b465ee728b)
Start importing Assets/Cartoon_Texture_Pack/GRASS/GRASS_Dense/GRASS_Dense_Tint_01 using Guid(1eca2105b44efc5478cc82a1176c4e58) Importer(815301076,1909f56bfc062723c751e8b465ee728b)  -> (artifact id: 'feb5604906b9059a4f1ec3207b312379') in 0.008178 seconds 
========================================================================
Received Import Request.
  Time since last request: 0.721691 seconds.
  path: Assets/Cartoon_Texture_Pack/GRASS/GRASS_Dense/GRASS_Dense_Tint_01/Materials
  artifactKey: Guid(5d681353adac0074aa6e17cfb6fec5dd) Importer(815301076,1909f56bfc062723c751e8b465ee728b)
Start importing Assets/Cartoon_Texture_Pack/GRASS/GRASS_Dense/GRASS_Dense_Tint_01/Materials using Guid(5d681353adac0074aa6e17cfb6fec5dd) Importer(815301076,1909f56bfc062723c751e8b465ee728b)  -> (artifact id: 'e77802855d1f4010ca1ff2334039bd80') in 0.011804 seconds 
========================================================================
Received Import Request.
  Time since last request: 0.879936 seconds.
  path: Assets/Cartoon_Texture_Pack/GRASS/GRASS_Dense/GRASS_Dense_Tint_01/Textures
  artifactKey: Guid(3419957ef37569a42b60b5fbc59cc6c4) Importer(815301076,1909f56bfc062723c751e8b465ee728b)
Start importing Assets/Cartoon_Texture_Pack/GRASS/GRASS_Dense/GRASS_Dense_Tint_01/Textures using Guid(3419957ef37569a42b60b5fbc59cc6c4) Importer(815301076,1909f56bfc062723c751e8b465ee728b)  -> (artifact id: '3af8975724a13263f12f831a3d8b7b31') in 0.009627 seconds 
========================================================================
Received Import Request.
  Time since last request: 0.069059 seconds.
  path: Assets/Cartoon_Texture_Pack/GRASS/GRASS_Dense/GRASS_Dense_Tint_01/Textures/Grass_Dense_Tint_01_Base_AO.png
  artifactKey: Guid(613465bcd7292c04e9e22cb9c2b62711) Importer(815301076,1909f56bfc062723c751e8b465ee728b)
Start importing Assets/Cartoon_Texture_Pack/GRASS/GRASS_Dense/GRASS_Dense_Tint_01/Textures/Grass_Dense_Tint_01_Base_AO.png using Guid(613465bcd7292c04e9e22cb9c2b62711) Importer(815301076,1909f56bfc062723c751e8b465ee728b)  -> (artifact id: 'c2a1a2fed594b75a7bcd42dad2195229') in 0.142538 seconds 
========================================================================
Received Import Request.
  Time since last request: 0.000064 seconds.
  path: Assets/Cartoon_Texture_Pack/GRASS/GRASS_Dense/GRASS_Dense_Tint_01/Textures/Grass_Dense_Tint_01_Leaves_A_Basecolor.png
  artifactKey: Guid(e65e8c6f286469944a22f2777d8e870c) Importer(815301076,1909f56bfc062723c751e8b465ee728b)
Start importing Assets/Cartoon_Texture_Pack/GRASS/GRASS_Dense/GRASS_Dense_Tint_01/Textures/Grass_Dense_Tint_01_Leaves_A_Basecolor.png using Guid(e65e8c6f286469944a22f2777d8e870c) Importer(815301076,1909f56bfc062723c751e8b465ee728b)  -> (artifact id: '169fe00f54648506672cd86987d1a0e2') in 0.031340 seconds 
========================================================================
Received Import Request.
  Time since last request: 0.000049 seconds.
  path: Assets/Cartoon_Texture_Pack/GRASS/GRASS_Dense/GRASS_Dense_Tint_01/Textures/Grass_Dense_Tint_01_Base_Basecolor_B.png
  artifactKey: Guid(1acff9429044bf4469ddf77481156ff0) Importer(815301076,1909f56bfc062723c751e8b465ee728b)
Start importing Assets/Cartoon_Texture_Pack/GRASS/GRASS_Dense/GRASS_Dense_Tint_01/Textures/Grass_Dense_Tint_01_Base_Basecolor_B.png using Guid(1acff9429044bf4469ddf77481156ff0) Importer(815301076,1909f56bfc062723c751e8b465ee728b)  -> (artifact id: 'b0ca3760957e1058d94e0ea5b08f01ad') in 0.018649 seconds 
========================================================================
Received Import Request.
  Time since last request: 0.000063 seconds.
  path: Assets/Cartoon_Texture_Pack/GRASS/GRASS_Dense/GRASS_Dense_Tint_01/Textures/Grass_Dense_Tint_01_Leaves_B_Metallic.png
  artifactKey: Guid(f08728fc48f69d043ade98c5d8bd7de8) Importer(815301076,1909f56bfc062723c751e8b465ee728b)
Start importing Assets/Cartoon_Texture_Pack/GRASS/GRASS_Dense/GRASS_Dense_Tint_01/Textures/Grass_Dense_Tint_01_Leaves_B_Metallic.png using Guid(f08728fc48f69d043ade98c5d8bd7de8) Importer(815301076,1909f56bfc062723c751e8b465ee728b)  -> (artifact id: '301acbd1390507007bcb6fbb6ffe60d7') in 0.024995 seconds 
========================================================================
Received Import Request.
  Time since last request: 0.000035 seconds.
  path: Assets/Cartoon_Texture_Pack/GRASS/GRASS_Dense/GRASS_Dense_Tint_01/Textures/Grass_Dense_Tint_01_Leaves_A_AO.png
  artifactKey: Guid(438719456ebb7dc44b22000c4571a4ea) Importer(815301076,1909f56bfc062723c751e8b465ee728b)
Start importing Assets/Cartoon_Texture_Pack/GRASS/GRASS_Dense/GRASS_Dense_Tint_01/Textures/Grass_Dense_Tint_01_Leaves_A_AO.png using Guid(438719456ebb7dc44b22000c4571a4ea) Importer(815301076,1909f56bfc062723c751e8b465ee728b)  -> (artifact id: 'f34eafaf8f3dd7f8e0b818545e2e58bd') in 0.015754 seconds 
========================================================================
Received Import Request.
  Time since last request: 0.000070 seconds.
  path: Assets/Cartoon_Texture_Pack/GRASS/GRASS_Dense/GRASS_Dense_Tint_01/Textures/Grass_Dense_Tint_01_Leaves_B_Basecolor.png
  artifactKey: Guid(1d2634ee9f36b834980539d2a726ef75) Importer(815301076,1909f56bfc062723c751e8b465ee728b)
Start importing Assets/Cartoon_Texture_Pack/GRASS/GRASS_Dense/GRASS_Dense_Tint_01/Textures/Grass_Dense_Tint_01_Leaves_B_Basecolor.png using Guid(1d2634ee9f36b834980539d2a726ef75) Importer(815301076,1909f56bfc062723c751e8b465ee728b)  -> (artifact id: 'c80b7d5917d36f9bac6f769a93d2d065') in 0.020384 seconds 
========================================================================
Received Import Request.
  Time since last request: 0.000035 seconds.
  path: Assets/Cartoon_Texture_Pack/GRASS/GRASS_Dense/GRASS_Dense_Tint_01/Textures/Grass_Dense_Tint_01_Leaves_B_Normal.png
  artifactKey: Guid(0f84519bcde78484388818cad0da1439) Importer(815301076,1909f56bfc062723c751e8b465ee728b)
Start importing Assets/Cartoon_Texture_Pack/GRASS/GRASS_Dense/GRASS_Dense_Tint_01/Textures/Grass_Dense_Tint_01_Leaves_B_Normal.png using Guid(0f84519bcde78484388818cad0da1439) Importer(815301076,1909f56bfc062723c751e8b465ee728b)  -> (artifact id: '89886514746a7368f16995a70a4b171f') in 0.091597 seconds 
========================================================================
Received Import Request.
  Time since last request: 0.000041 seconds.
  path: Assets/Cartoon_Texture_Pack/GRASS/GRASS_Dense/GRASS_Dense_Tint_01/Textures/Grass_Dense_Tint_01_Leaves_A_Metallic.png
  artifactKey: Guid(2391acbc368b2784f8b045f39a947221) Importer(815301076,1909f56bfc062723c751e8b465ee728b)
Start importing Assets/Cartoon_Texture_Pack/GRASS/GRASS_Dense/GRASS_Dense_Tint_01/Textures/Grass_Dense_Tint_01_Leaves_A_Metallic.png using Guid(2391acbc368b2784f8b045f39a947221) Importer(815301076,1909f56bfc062723c751e8b465ee728b)  -> (artifact id: 'bc7e3e17deedad8db86a6cf1d67ee723') in 0.021888 seconds 
========================================================================
Received Import Request.
  Time since last request: 0.000048 seconds.
  path: Assets/Cartoon_Texture_Pack/GRASS/GRASS_Dense/GRASS_Dense_Tint_01/Textures/Grass_Dense_Tint_01_Base_Basecolor_C.png
  artifactKey: Guid(84a0082a671cb3642819cc69b89b9353) Importer(815301076,1909f56bfc062723c751e8b465ee728b)
Start importing Assets/Cartoon_Texture_Pack/GRASS/GRASS_Dense/GRASS_Dense_Tint_01/Textures/Grass_Dense_Tint_01_Base_Basecolor_C.png using Guid(84a0082a671cb3642819cc69b89b9353) Importer(815301076,1909f56bfc062723c751e8b465ee728b)  -> (artifact id: 'ab05896cb2a05d1190471831bca98e75') in 0.022680 seconds 
========================================================================
Received Import Request.
  Time since last request: 150.668133 seconds.
  path: Assets/Cartoon_Texture_Pack/GRASS/GRASS_Dense/GRASS_Dense_Tint_01/Textures/Cartton_Ground.prefab
  artifactKey: Guid(f8591266b3030fb47a44d3101365b433) Importer(815301076,1909f56bfc062723c751e8b465ee728b)
Start importing Assets/Cartoon_Texture_Pack/GRASS/GRASS_Dense/GRASS_Dense_Tint_01/Textures/Cartton_Ground.prefab using Guid(f8591266b3030fb47a44d3101365b433) Importer(815301076,1909f56bfc062723c751e8b465ee728b)  -> (artifact id: '88572cbf9b945e9517a8e45efce2bca4') in 0.055057 seconds 
========================================================================
Received Import Request.
  Time since last request: 76.875871 seconds.
  path: Assets/Cartoon_Texture_Pack/GRASS/GRASS_Dense/GRASS_Dense_Tint_01/Textures/Cartton_Ground.prefab
  artifactKey: Guid(f8591266b3030fb47a44d3101365b433) Importer(815301076,1909f56bfc062723c751e8b465ee728b)
Start importing Assets/Cartoon_Texture_Pack/GRASS/GRASS_Dense/GRASS_Dense_Tint_01/Textures/Cartton_Ground.prefab using Guid(f8591266b3030fb47a44d3101365b433) Importer(815301076,1909f56bfc062723c751e8b465ee728b)  -> (artifact id: '82f08591f1c290401d647bbe6c9f5102') in 0.010811 seconds 
========================================================================
Received Import Request.
  Time since last request: 82.753800 seconds.
  path: Assets/Cartoon_Texture_Pack/GRASS/GRASS_Dense/GRASS_Dense_Tint_01/Materials/Grass_Dense_Tint_01_Base_A.mat
  artifactKey: Guid(f9a94780aa94b7c4985400ab0bedcdbb) Importer(815301076,1909f56bfc062723c751e8b465ee728b)
Start importing Assets/Cartoon_Texture_Pack/GRASS/GRASS_Dense/GRASS_Dense_Tint_01/Materials/Grass_Dense_Tint_01_Base_A.mat using Guid(f9a94780aa94b7c4985400ab0bedcdbb) Importer(815301076,1909f56bfc062723c751e8b465ee728b)  -> (artifact id: '53cdeb73730191ed8f448c9d59bec26b') in 0.632838 seconds 
========================================================================
Received Import Request.
  Time since last request: 0.000030 seconds.
  path: Assets/Cartoon_Texture_Pack/GRASS/GRASS_Dense/GRASS_Dense_Tint_01/Materials/Grass_Dense_Tint_01_Base_Basecolor_B.mat
  artifactKey: Guid(a9a4b7b8b20e9ec4cb0e69fa34f90f70) Importer(815301076,1909f56bfc062723c751e8b465ee728b)
Start importing Assets/Cartoon_Texture_Pack/GRASS/GRASS_Dense/GRASS_Dense_Tint_01/Materials/Grass_Dense_Tint_01_Base_Basecolor_B.mat using Guid(a9a4b7b8b20e9ec4cb0e69fa34f90f70) Importer(815301076,1909f56bfc062723c751e8b465ee728b)  -> (artifact id: '304f14b6640bc66357d78e5697157c0b') in 0.047229 seconds 
========================================================================
Received Import Request.
  Time since last request: 0.000073 seconds.
  path: Assets/Cartoon_Texture_Pack/GRASS/GRASS_Dense/GRASS_Dense_Tint_01/Materials/Grass_Dense_Tint_01_Leaves_A.mat
  artifactKey: Guid(91bf4af0f70ef3045a6215a4c90676dd) Importer(815301076,1909f56bfc062723c751e8b465ee728b)
Start importing Assets/Cartoon_Texture_Pack/GRASS/GRASS_Dense/GRASS_Dense_Tint_01/Materials/Grass_Dense_Tint_01_Leaves_A.mat using Guid(91bf4af0f70ef3045a6215a4c90676dd) Importer(815301076,1909f56bfc062723c751e8b465ee728b)  -> (artifact id: '00ff6e12deb2845bd747808b7cc4622d') in 0.070916 seconds 
========================================================================
Received Import Request.
  Time since last request: 60.576116 seconds.
  path: Assets/Cartoon_Texture_Pack/GRASS/GRASS_Dense/GRASS_Dense_Tint_01/Textures/Cartton_Ground.prefab
  artifactKey: Guid(f8591266b3030fb47a44d3101365b433) Importer(815301076,1909f56bfc062723c751e8b465ee728b)
Start importing Assets/Cartoon_Texture_Pack/GRASS/GRASS_Dense/GRASS_Dense_Tint_01/Textures/Cartton_Ground.prefab using Guid(f8591266b3030fb47a44d3101365b433) Importer(815301076,1909f56bfc062723c751e8b465ee728b)  -> (artifact id: '3e38371a038c122e5bf227c89b0a9ab7') in 0.008214 seconds 
========================================================================
Received Import Request.
  Time since last request: 108.689446 seconds.
  path: Assets/Cartoon_Texture_Pack/DIRT/Dirt_Path/Materials/Dirt_Path.mat
  artifactKey: Guid(1cef938def0b527469f8ef0720c534dc) Importer(815301076,1909f56bfc062723c751e8b465ee728b)
Start importing Assets/Cartoon_Texture_Pack/DIRT/Dirt_Path/Materials/Dirt_Path.mat using Guid(1cef938def0b527469f8ef0720c534dc) Importer(815301076,1909f56bfc062723c751e8b465ee728b)  -> (artifact id: 'c1c1ad6018605f3e085534e1d2770495') in 0.157665 seconds 
========================================================================
Received Import Request.
  Time since last request: 0.613650 seconds.
  path: Assets/Cartoon_Texture_Pack/DIRT/Dirt_Path/Textures/Dirt_Path_AO.png
  artifactKey: Guid(0fd2da29303ebcb4cb50ad1cccf7f097) Importer(815301076,1909f56bfc062723c751e8b465ee728b)
Start importing Assets/Cartoon_Texture_Pack/DIRT/Dirt_Path/Textures/Dirt_Path_AO.png using Guid(0fd2da29303ebcb4cb50ad1cccf7f097) Importer(815301076,1909f56bfc062723c751e8b465ee728b)  -> (artifact id: '52662837e99e746a558fd9bba4856851') in 0.022506 seconds 
========================================================================
Received Import Request.
  Time since last request: 0.000027 seconds.
  path: Assets/Cartoon_Texture_Pack/DIRT/Dirt_Path/Textures/Dirt_Path_Height.png
  artifactKey: Guid(97df09d6b5a195f438ae4c5dba98341b) Importer(815301076,1909f56bfc062723c751e8b465ee728b)
Start importing Assets/Cartoon_Texture_Pack/DIRT/Dirt_Path/Textures/Dirt_Path_Height.png using Guid(97df09d6b5a195f438ae4c5dba98341b) Importer(815301076,1909f56bfc062723c751e8b465ee728b)  -> (artifact id: '0ff89c21c5e5b03463bbe9e93de1c353') in 0.017522 seconds 
========================================================================
Received Import Request.
  Time since last request: 0.000035 seconds.
  path: Assets/Cartoon_Texture_Pack/DIRT/Dirt_Path/Textures/Dirt_Path_Metallic.png
  artifactKey: Guid(ae87662110a99a64d80a0cb0171f7d5e) Importer(815301076,1909f56bfc062723c751e8b465ee728b)
Start importing Assets/Cartoon_Texture_Pack/DIRT/Dirt_Path/Textures/Dirt_Path_Metallic.png using Guid(ae87662110a99a64d80a0cb0171f7d5e) Importer(815301076,1909f56bfc062723c751e8b465ee728b)  -> (artifact id: '0d33303d0e20f64acfd6dfd99f488fbc') in 0.018964 seconds 
========================================================================
Received Import Request.
  Time since last request: 5.903318 seconds.
  path: Assets/Cartoon_Texture_Pack/SAND/SAND_Beach
  artifactKey: Guid(13ecdd91e3dc0ec43b8a5d75827ba2e7) Importer(815301076,1909f56bfc062723c751e8b465ee728b)
Start importing Assets/Cartoon_Texture_Pack/SAND/SAND_Beach using Guid(13ecdd91e3dc0ec43b8a5d75827ba2e7) Importer(815301076,1909f56bfc062723c751e8b465ee728b)  -> (artifact id: '245aaf8b67b7c1d65ac41f2c2301ef48') in 0.006616 seconds 
========================================================================
Received Import Request.
  Time since last request: 2.200934 seconds.
  path: Assets/Cartoon_Texture_Pack/SAND/SAND_Beach/Materials
  artifactKey: Guid(5a76657f4c3fecf43853ebfa8b46d98e) Importer(815301076,1909f56bfc062723c751e8b465ee728b)
Start importing Assets/Cartoon_Texture_Pack/SAND/SAND_Beach/Materials using Guid(5a76657f4c3fecf43853ebfa8b46d98e) Importer(815301076,1909f56bfc062723c751e8b465ee728b)  -> (artifact id: '04221c7d044cdf04f63f589932495cb9') in 0.002195 seconds 
========================================================================
Received Import Request.
  Time since last request: 0.092537 seconds.
  path: Assets/Cartoon_Texture_Pack/SAND/SAND_Beach/Materials/Sand_Beach_Base.mat
  artifactKey: Guid(98e3d348c55e6a244b34dd502d9ed4cc) Importer(815301076,1909f56bfc062723c751e8b465ee728b)
Start importing Assets/Cartoon_Texture_Pack/SAND/SAND_Beach/Materials/Sand_Beach_Base.mat using Guid(98e3d348c55e6a244b34dd502d9ed4cc) Importer(815301076,1909f56bfc062723c751e8b465ee728b)  -> (artifact id: '18ca3add104b4c2ae2163ab2b1b87fd8') in 0.086803 seconds 
========================================================================
Received Import Request.
  Time since last request: 2.436836 seconds.
  path: Assets/Cartoon_Texture_Pack/SAND/SAND_Beach/Textures
  artifactKey: Guid(bda18394e14b8664b98997c98f5a2fe7) Importer(815301076,1909f56bfc062723c751e8b465ee728b)
Start importing Assets/Cartoon_Texture_Pack/SAND/SAND_Beach/Textures using Guid(bda18394e14b8664b98997c98f5a2fe7) Importer(815301076,1909f56bfc062723c751e8b465ee728b)  -> (artifact id: 'ec186b82cf9418877e1e52ba88785eb9') in 0.003999 seconds 
========================================================================
Received Import Request.
  Time since last request: 0.066431 seconds.
  path: Assets/Cartoon_Texture_Pack/SAND/SAND_Beach/Textures/Sand_Beach_Base_AO.png
  artifactKey: Guid(966c780cdfe66c2438105f8c119bfdd1) Importer(815301076,1909f56bfc062723c751e8b465ee728b)
Start importing Assets/Cartoon_Texture_Pack/SAND/SAND_Beach/Textures/Sand_Beach_Base_AO.png using Guid(966c780cdfe66c2438105f8c119bfdd1) Importer(815301076,1909f56bfc062723c751e8b465ee728b)  -> (artifact id: 'c045b4c0cabb29872da7668e18989ef1') in 0.022069 seconds 
========================================================================
Received Import Request.
  Time since last request: 0.000023 seconds.
  path: Assets/Cartoon_Texture_Pack/SAND/SAND_Beach/Textures/Sand_Beach_Base_Normal.png
  artifactKey: Guid(32e75137122e86e419af0c829889e58c) Importer(815301076,1909f56bfc062723c751e8b465ee728b)
Start importing Assets/Cartoon_Texture_Pack/SAND/SAND_Beach/Textures/Sand_Beach_Base_Normal.png using Guid(32e75137122e86e419af0c829889e58c) Importer(815301076,1909f56bfc062723c751e8b465ee728b)  -> (artifact id: '43f390266900f25908e3f51334fc8058') in 0.023768 seconds 
========================================================================
Received Import Request.
  Time since last request: 0.000031 seconds.
  path: Assets/Cartoon_Texture_Pack/SAND/SAND_Beach/Textures/Sand_Beach_Shell_Normal.png
  artifactKey: Guid(51ee77906efd2404691303fc37d6b9b1) Importer(815301076,1909f56bfc062723c751e8b465ee728b)
Start importing Assets/Cartoon_Texture_Pack/SAND/SAND_Beach/Textures/Sand_Beach_Shell_Normal.png using Guid(51ee77906efd2404691303fc37d6b9b1) Importer(815301076,1909f56bfc062723c751e8b465ee728b)  -> (artifact id: '4534545561d0b9135143fc5880d0a2b9') in 0.026877 seconds 
========================================================================
Received Import Request.
  Time since last request: 0.000043 seconds.
  path: Assets/Cartoon_Texture_Pack/SAND/SAND_Beach/Textures/Sand_Beach_Base_Height.png
  artifactKey: Guid(9231d33fb41fe2940b4d848239b45538) Importer(815301076,1909f56bfc062723c751e8b465ee728b)
Start importing Assets/Cartoon_Texture_Pack/SAND/SAND_Beach/Textures/Sand_Beach_Base_Height.png using Guid(9231d33fb41fe2940b4d848239b45538) Importer(815301076,1909f56bfc062723c751e8b465ee728b)  -> (artifact id: 'd6e5d9bc409b0d8e5d95cf111cbde561') in 0.020288 seconds 
========================================================================
Received Import Request.
  Time since last request: 0.000052 seconds.
  path: Assets/Cartoon_Texture_Pack/SAND/SAND_Beach/Textures/Sand_Beach_Shell_AO.png
  artifactKey: Guid(c7f3b0a1d7418cd43a89f5e90130b805) Importer(815301076,1909f56bfc062723c751e8b465ee728b)
Start importing Assets/Cartoon_Texture_Pack/SAND/SAND_Beach/Textures/Sand_Beach_Shell_AO.png using Guid(c7f3b0a1d7418cd43a89f5e90130b805) Importer(815301076,1909f56bfc062723c751e8b465ee728b)  -> (artifact id: '5cf99133c24e5f5afac9f50aabde5ad9') in 0.020638 seconds 
========================================================================
Received Import Request.
  Time since last request: 20.912322 seconds.
  path: Assets/Terrain Tile Hex Samples/Example Scene/Example Tiles/plains00.asset
  artifactKey: Guid(891d0c83332f38e4ea33b74817785b58) Importer(815301076,1909f56bfc062723c751e8b465ee728b)
Start importing Assets/Terrain Tile Hex Samples/Example Scene/Example Tiles/plains00.asset using Guid(891d0c83332f38e4ea33b74817785b58) Importer(815301076,1909f56bfc062723c751e8b465ee728b)  -> (artifact id: '0d151443a01d12fa804f370541d26485') in 0.025519 seconds 
========================================================================
Received Import Request.
  Time since last request: 201.017103 seconds.
  path: Assets/Cartoon_Texture_Pack/ROOF
  artifactKey: Guid(edc3fad11e07c0242ba526a789dff0f2) Importer(815301076,1909f56bfc062723c751e8b465ee728b)
Start importing Assets/Cartoon_Texture_Pack/ROOF using Guid(edc3fad11e07c0242ba526a789dff0f2) Importer(815301076,1909f56bfc062723c751e8b465ee728b)  -> (artifact id: '635f949bb69477c17635dfc0e0fd7b8a') in 0.010958 seconds 
========================================================================
Received Import Request.
  Time since last request: 3.031834 seconds.
  path: Assets/Cartoon_Texture_Pack/ROOF/ROOF_Hay
  artifactKey: Guid(1ad61d1e41c01a94b99d36cf8b5409d2) Importer(815301076,1909f56bfc062723c751e8b465ee728b)
Start importing Assets/Cartoon_Texture_Pack/ROOF/ROOF_Hay using Guid(1ad61d1e41c01a94b99d36cf8b5409d2) Importer(815301076,1909f56bfc062723c751e8b465ee728b)  -> (artifact id: '949a6b2b9f0bbfc10966a18435ede9c9') in 0.006397 seconds 
========================================================================
Received Import Request.
  Time since last request: 1.180873 seconds.
  path: Assets/Cartoon_Texture_Pack/ROOF/ROOF_Hay/Materials
  artifactKey: Guid(f16bc85f1fa2baf4a9960941006306f5) Importer(815301076,1909f56bfc062723c751e8b465ee728b)
Start importing Assets/Cartoon_Texture_Pack/ROOF/ROOF_Hay/Materials using Guid(f16bc85f1fa2baf4a9960941006306f5) Importer(815301076,1909f56bfc062723c751e8b465ee728b)  -> (artifact id: 'b5a858231e6ecbb6e2be72951972c3bc') in 0.002121 seconds 
========================================================================
Received Import Request.
  Time since last request: 0.548705 seconds.
  path: Assets/Cartoon_Texture_Pack/ROOF/ROOF_Hay/Textures
  artifactKey: Guid(00d85ec8d946dc34baf14bb4a42d835c) Importer(815301076,1909f56bfc062723c751e8b465ee728b)
Start importing Assets/Cartoon_Texture_Pack/ROOF/ROOF_Hay/Textures using Guid(00d85ec8d946dc34baf14bb4a42d835c) Importer(815301076,1909f56bfc062723c751e8b465ee728b)  -> (artifact id: 'df2c06fdf2f9492c91fd5aaff7f25481') in 0.002159 seconds 
========================================================================
Received Import Request.
  Time since last request: 0.097820 seconds.
  path: Assets/Cartoon_Texture_Pack/ROOF/ROOF_Hay/Textures/Roof_Hay_AO.png
  artifactKey: Guid(73020e02ac1a39142908e7f18d6a3a44) Importer(815301076,1909f56bfc062723c751e8b465ee728b)
Start importing Assets/Cartoon_Texture_Pack/ROOF/ROOF_Hay/Textures/Roof_Hay_AO.png using Guid(73020e02ac1a39142908e7f18d6a3a44) Importer(815301076,1909f56bfc062723c751e8b465ee728b)  -> (artifact id: '17ebf3d95d9fb960615a874aa1132234') in 0.024213 seconds 
========================================================================
Received Import Request.
  Time since last request: 0.000053 seconds.
  path: Assets/Cartoon_Texture_Pack/ROOF/ROOF_Hay/Textures/UnderRoof_Hay_Normal.png
  artifactKey: Guid(4e496446ad725d441a0723c689edb56b) Importer(815301076,1909f56bfc062723c751e8b465ee728b)
Start importing Assets/Cartoon_Texture_Pack/ROOF/ROOF_Hay/Textures/UnderRoof_Hay_Normal.png using Guid(4e496446ad725d441a0723c689edb56b) Importer(815301076,1909f56bfc062723c751e8b465ee728b)  -> (artifact id: '344e45db9c09a479acc62cf8df4eb04d') in 0.033555 seconds 
========================================================================
Received Import Request.
  Time since last request: 0.000048 seconds.
  path: Assets/Cartoon_Texture_Pack/ROOF/ROOF_Hay/Textures/UnderRoof_Hay_AO.png
  artifactKey: Guid(18e0014353f1ba24fb98d50e78f534f4) Importer(815301076,1909f56bfc062723c751e8b465ee728b)
Start importing Assets/Cartoon_Texture_Pack/ROOF/ROOF_Hay/Textures/UnderRoof_Hay_AO.png using Guid(18e0014353f1ba24fb98d50e78f534f4) Importer(815301076,1909f56bfc062723c751e8b465ee728b)  -> (artifact id: 'f074843edde01847fbb1976b55afa511') in 0.026938 seconds 
========================================================================
Received Import Request.
  Time since last request: 0.000029 seconds.
  path: Assets/Cartoon_Texture_Pack/ROOF/ROOF_Hay/Textures/UnderRoof_Hay_Metallic.png
  artifactKey: Guid(4e181e3af7280224ebe0cacca7b14823) Importer(815301076,1909f56bfc062723c751e8b465ee728b)
Start importing Assets/Cartoon_Texture_Pack/ROOF/ROOF_Hay/Textures/UnderRoof_Hay_Metallic.png using Guid(4e181e3af7280224ebe0cacca7b14823) Importer(815301076,1909f56bfc062723c751e8b465ee728b)  -> (artifact id: 'e7e65d5aadaad36d19780867fc29f79e') in 0.032732 seconds 
========================================================================
Received Import Request.
  Time since last request: 0.000037 seconds.
  path: Assets/Cartoon_Texture_Pack/ROOF/ROOF_Hay/Textures/UnderRoof_Hay_Height.png
  artifactKey: Guid(0bdb7bc524790844ab1be7fb9ced071e) Importer(815301076,1909f56bfc062723c751e8b465ee728b)
Start importing Assets/Cartoon_Texture_Pack/ROOF/ROOF_Hay/Textures/UnderRoof_Hay_Height.png using Guid(0bdb7bc524790844ab1be7fb9ced071e) Importer(815301076,1909f56bfc062723c751e8b465ee728b)  -> (artifact id: 'bb3c99fcf034e779902814d4b7e39c02') in 0.026607 seconds 
========================================================================
Received Import Request.
  Time since last request: 7.016533 seconds.
  path: Assets/Cartoon_Texture_Pack/ROOF/ROOF_SquareTile_Flat
  artifactKey: Guid(4f4e7092dbbe8cf4db83e5a5a0748348) Importer(815301076,1909f56bfc062723c751e8b465ee728b)
Start importing Assets/Cartoon_Texture_Pack/ROOF/ROOF_SquareTile_Flat using Guid(4f4e7092dbbe8cf4db83e5a5a0748348) Importer(815301076,1909f56bfc062723c751e8b465ee728b)  -> (artifact id: '944781429b8ffbbdd89a7d46dee0b629') in 0.006532 seconds 
========================================================================
Received Import Request.
  Time since last request: 1.235991 seconds.
  path: Assets/Cartoon_Texture_Pack/ROOF/ROOF_SquareTile_Flat/Textures
  artifactKey: Guid(abc760bc961334a49ae3a1d034a63263) Importer(815301076,1909f56bfc062723c751e8b465ee728b)
Start importing Assets/Cartoon_Texture_Pack/ROOF/ROOF_SquareTile_Flat/Textures using Guid(abc760bc961334a49ae3a1d034a63263) Importer(815301076,1909f56bfc062723c751e8b465ee728b)  -> (artifact id: '2c950398e124fb453c923db29cfecd36') in 0.002141 seconds 
========================================================================
Received Import Request.
  Time since last request: 0.027034 seconds.
  path: Assets/Cartoon_Texture_Pack/ROOF/ROOF_SquareTile_Flat/Textures/Roof_SquareTile_Flat_AO.png
  artifactKey: Guid(c8493d80146b01f4f9d23367b40e5fb3) Importer(815301076,1909f56bfc062723c751e8b465ee728b)
Start importing Assets/Cartoon_Texture_Pack/ROOF/ROOF_SquareTile_Flat/Textures/Roof_SquareTile_Flat_AO.png using Guid(c8493d80146b01f4f9d23367b40e5fb3) Importer(815301076,1909f56bfc062723c751e8b465ee728b)  -> (artifact id: '3ba1b6bcd25408c1ff7b182a5a076865') in 0.023633 seconds 
========================================================================
Received Import Request.
  Time since last request: 0.000059 seconds.
  path: Assets/Cartoon_Texture_Pack/ROOF/ROOF_SquareTile_Flat/Textures/Roof_SquareTile_Flat_Basecolor_C.png
  artifactKey: Guid(1dbba123699181346b5d6802a9cea937) Importer(815301076,1909f56bfc062723c751e8b465ee728b)
Start importing Assets/Cartoon_Texture_Pack/ROOF/ROOF_SquareTile_Flat/Textures/Roof_SquareTile_Flat_Basecolor_C.png using Guid(1dbba123699181346b5d6802a9cea937) Importer(815301076,1909f56bfc062723c751e8b465ee728b)  -> (artifact id: 'dcd42605becb4548dea223b7a1d21fb8') in 0.026400 seconds 
========================================================================
Received Import Request.
  Time since last request: 0.000042 seconds.
  path: Assets/Cartoon_Texture_Pack/ROOF/ROOF_SquareTile_Flat/Textures/Roof_SquareTile_Flat_Basecolor_D.png
  artifactKey: Guid(927891f532be5e649a183d6d0bdb4f3f) Importer(815301076,1909f56bfc062723c751e8b465ee728b)
Start importing Assets/Cartoon_Texture_Pack/ROOF/ROOF_SquareTile_Flat/Textures/Roof_SquareTile_Flat_Basecolor_D.png using Guid(927891f532be5e649a183d6d0bdb4f3f) Importer(815301076,1909f56bfc062723c751e8b465ee728b)  -> (artifact id: 'eeaa22837176179b3ebcf5d5c216408c') in 0.026751 seconds 
========================================================================
Received Import Request.
  Time since last request: 0.000024 seconds.
  path: Assets/Cartoon_Texture_Pack/ROOF/ROOF_SquareTile_Flat/Textures/UnderRoof_SquareTile_Flat_Basecolor_D.png
  artifactKey: Guid(1ea701828f260ea4a9679d1989761de1) Importer(815301076,1909f56bfc062723c751e8b465ee728b)
Start importing Assets/Cartoon_Texture_Pack/ROOF/ROOF_SquareTile_Flat/Textures/UnderRoof_SquareTile_Flat_Basecolor_D.png using Guid(1ea701828f260ea4a9679d1989761de1) Importer(815301076,1909f56bfc062723c751e8b465ee728b)  -> (artifact id: 'a642f304b5c21ce655135631dee01507') in 0.029812 seconds 
========================================================================
Received Import Request.
  Time since last request: 0.000055 seconds.
  path: Assets/Cartoon_Texture_Pack/ROOF/ROOF_SquareTile_Flat/Textures/UnderRoof_SquareTile_Flat_AO.png
  artifactKey: Guid(52284ef386e813348ab4dd8d8961fd8d) Importer(815301076,1909f56bfc062723c751e8b465ee728b)
Start importing Assets/Cartoon_Texture_Pack/ROOF/ROOF_SquareTile_Flat/Textures/UnderRoof_SquareTile_Flat_AO.png using Guid(52284ef386e813348ab4dd8d8961fd8d) Importer(815301076,1909f56bfc062723c751e8b465ee728b)  -> (artifact id: '40f537f7bbbb86804ee289033b2e4752') in 0.030772 seconds 
========================================================================
Received Import Request.
  Time since last request: 0.000031 seconds.
  path: Assets/Cartoon_Texture_Pack/ROOF/ROOF_SquareTile_Flat/Textures/Roof_SquareTile_Flat_Metallic.png
  artifactKey: Guid(dabc0949a9d53ac489a6a38ebef3dd8d) Importer(815301076,1909f56bfc062723c751e8b465ee728b)
Start importing Assets/Cartoon_Texture_Pack/ROOF/ROOF_SquareTile_Flat/Textures/Roof_SquareTile_Flat_Metallic.png using Guid(dabc0949a9d53ac489a6a38ebef3dd8d) Importer(815301076,1909f56bfc062723c751e8b465ee728b)  -> (artifact id: '976f65387637d3cd4cbf74c068faa904') in 0.023175 seconds 
========================================================================
Received Import Request.
  Time since last request: 0.000032 seconds.
  path: Assets/Cartoon_Texture_Pack/ROOF/ROOF_SquareTile_Flat/Textures/UnderRoof_SquareTile_Flat_Basecolor_B.png
  artifactKey: Guid(46051bfe159f5314f90283dcf264b697) Importer(815301076,1909f56bfc062723c751e8b465ee728b)
Start importing Assets/Cartoon_Texture_Pack/ROOF/ROOF_SquareTile_Flat/Textures/UnderRoof_SquareTile_Flat_Basecolor_B.png using Guid(46051bfe159f5314f90283dcf264b697) Importer(815301076,1909f56bfc062723c751e8b465ee728b)  -> (artifact id: 'b750c0a0cf156f391b8b05b996618ee9') in 0.029400 seconds 
========================================================================
Received Import Request.
  Time since last request: 0.000037 seconds.
  path: Assets/Cartoon_Texture_Pack/ROOF/ROOF_SquareTile_Flat/Textures/UnderRoof_SquareTile_Flat_Basecolor_A.png
  artifactKey: Guid(bab28d8bc3ec3f343860deacade1db14) Importer(815301076,1909f56bfc062723c751e8b465ee728b)
Start importing Assets/Cartoon_Texture_Pack/ROOF/ROOF_SquareTile_Flat/Textures/UnderRoof_SquareTile_Flat_Basecolor_A.png using Guid(bab28d8bc3ec3f343860deacade1db14) Importer(815301076,1909f56bfc062723c751e8b465ee728b)  -> (artifact id: '7d0d1a164231039d63cf98448a92f567') in 0.032383 seconds 
========================================================================
Received Import Request.
  Time since last request: 22.865901 seconds.
  path: Assets/Cartoon_Texture_Pack/WALLS/WALL_Bricks/Textures
  artifactKey: Guid(f91e7973659c60f47b0e2868555a95e8) Importer(815301076,1909f56bfc062723c751e8b465ee728b)
Start importing Assets/Cartoon_Texture_Pack/WALLS/WALL_Bricks/Textures using Guid(f91e7973659c60f47b0e2868555a95e8) Importer(815301076,1909f56bfc062723c751e8b465ee728b)  -> (artifact id: '872db7668be98d9f0bf607e3d8637ff0') in 0.002475 seconds 
========================================================================
Received Import Request.
  Time since last request: 0.096840 seconds.
  path: Assets/Cartoon_Texture_Pack/WALLS/WALL_Bricks/Textures/Wall_Brick_AO.png
  artifactKey: Guid(572981d23c249024a9189323bf08a0fb) Importer(815301076,1909f56bfc062723c751e8b465ee728b)
Start importing Assets/Cartoon_Texture_Pack/WALLS/WALL_Bricks/Textures/Wall_Brick_AO.png using Guid(572981d23c249024a9189323bf08a0fb) Importer(815301076,1909f56bfc062723c751e8b465ee728b)  -> (artifact id: 'b61c2fc63e667c396ed7d09896b4c429') in 0.032232 seconds 
========================================================================
Received Import Request.
  Time since last request: 0.000048 seconds.
  path: Assets/Cartoon_Texture_Pack/WALLS/WALL_Bricks/Textures/Wall_Brick_Metallic.png
  artifactKey: Guid(a9975ebe1309ad04f85c4acbb5d3c25e) Importer(815301076,1909f56bfc062723c751e8b465ee728b)
Start importing Assets/Cartoon_Texture_Pack/WALLS/WALL_Bricks/Textures/Wall_Brick_Metallic.png using Guid(a9975ebe1309ad04f85c4acbb5d3c25e) Importer(815301076,1909f56bfc062723c751e8b465ee728b)  -> (artifact id: '57ffea6f3ec3828affc541e1a40854b8') in 0.023301 seconds 
========================================================================
Received Import Request.
  Time since last request: 0.000057 seconds.
  path: Assets/Cartoon_Texture_Pack/WALLS/WALL_Bricks/Textures/Wall_Brick_Height.png
  artifactKey: Guid(17aeb35c067cd4043bfd58e7e7b6cf6c) Importer(815301076,1909f56bfc062723c751e8b465ee728b)
Start importing Assets/Cartoon_Texture_Pack/WALLS/WALL_Bricks/Textures/Wall_Brick_Height.png using Guid(17aeb35c067cd4043bfd58e7e7b6cf6c) Importer(815301076,1909f56bfc062723c751e8b465ee728b)  -> (artifact id: '3503c79f7f15b7a1dd7615908f9f7970') in 0.035716 seconds 
========================================================================
Received Import Request.
  Time since last request: 0.000051 seconds.
  path: Assets/Cartoon_Texture_Pack/WALLS/WALL_Bricks/Textures/Wall_Brick_Normal.png
  artifactKey: Guid(2c49d12fb89450b488277e7bfc402e8a) Importer(815301076,1909f56bfc062723c751e8b465ee728b)
Start importing Assets/Cartoon_Texture_Pack/WALLS/WALL_Bricks/Textures/Wall_Brick_Normal.png using Guid(2c49d12fb89450b488277e7bfc402e8a) Importer(815301076,1909f56bfc062723c751e8b465ee728b)  -> (artifact id: 'b0d945e56d540c749b22e7c852532ab8') in 0.028218 seconds 
